#
# There is insufficient memory for the Java Runtime Environment to continue.
# Native memory allocation (malloc) failed to allocate 681312 bytes for Chunk::new
# Possible reasons:
#   The system is out of physical RAM or swap space
#   The process is running with CompressedOops enabled, and the Java Heap may be blocking the growth of the native heap
# Possible solutions:
#   Reduce memory load on the system
#   Increase physical memory or swap space
#   Check if swap backing store is full
#   Decrease Java heap size (-Xmx/-Xms)
#   Decrease number of Java threads
#   Decrease Java thread stack sizes (-Xss)
#   Set larger code cache with -XX:ReservedCodeCacheSize=
#   JVM is running with Unscaled Compressed Oops mode in which the Java heap is
#     placed in the first 4GB address space. The Java Heap base address is the
#     maximum limit for the native heap growth. Please use -XX:HeapBaseMinAddress
#     to set the Java Heap base and to place the Java Heap above 4GB virtual address.
# This output file may be truncated or incomplete.
#
#  Out of Memory Error (arena.cpp:189), pid=13320, tid=18976
#
# JRE version: OpenJDK Runtime Environment (17.0.6+10) (build 17.0.6+10-LTS)
# Java VM: OpenJDK 64-Bit Server VM (17.0.6+10-LTS, mixed mode, sharing, tiered, compressed oops, compressed class ptrs, g1 gc, windows-amd64)
# No core dump will be written. Minidumps are not enabled by default on client versions of Windows
#

---------------  S U M M A R Y ------------

Command Line: -ea -Didea.test.cyclic.buffer.size=1048576 -javaagent:C:\Program Files\JetBrains\IntelliJ IDEA 2022.3.3\lib\idea_rt.jar=61154:C:\Program Files\JetBrains\IntelliJ IDEA 2022.3.3\bin -Dfile.encoding=UTF-8 com.intellij.rt.junit.JUnitStarter -ideVersion5 -junit4 UserServiceTest

Host: Intel(R) Celeron(R) N4000 CPU @ 1.10GHz, 2 cores, 7G,  Windows 10 , 64 bit Build 19041 (10.0.19041.2788)
Time: Thu May 18 13:29:08 2023 RTZ 2 (s 10 , 64 bit Build 19041 (10.0.19041.2788) elapsed time: 2.492364 seconds (0d 0h 0m 2s)

---------------  T H R E A D  ---------------

Current thread (0x00000147fccc8370):  JavaThread "C2 CompilerThread0" daemon [_thread_in_native, id=18976, stack(0x0000002137f00000,0x0000002138000000)]


Current CompileTask:
C2:   2492  907   !   4       jdk.internal.loader.URLClassPath$JarLoader::getResource (65 bytes)

Stack: [0x0000002137f00000,0x0000002138000000]
Native frames: (J=compiled Java code, j=interpreted, Vv=VM code, C=native code)
V  [jvm.dll+0x64af5a]
V  [jvm.dll+0x7fea64]
V  [jvm.dll+0x80021e]
V  [jvm.dll+0x800873]
V  [jvm.dll+0x235648]
V  [jvm.dll+0xbccac]
V  [jvm.dll+0xbd28c]
V  [jvm.dll+0x34efa7]
V  [jvm.dll+0x319b4f]
V  [jvm.dll+0x318f8a]
V  [jvm.dll+0x209aa5]
V  [jvm.dll+0x209037]
V  [jvm.dll+0x198ffd]
V  [jvm.dll+0x2183dd]
V  [jvm.dll+0x216624]
V  [jvm.dll+0x7b729b]
V  [jvm.dll+0x7b184a]
V  [jvm.dll+0x649e25]
C  [ucrtbase.dll+0x21bb2]
C  [KERNEL32.DLL+0x17604]
C  [ntdll.dll+0x526a1]


---------------  P R O C E S S  ---------------

Threads class SMR info:
_java_thread_list=0x00000147fd905ea0, length=13, elements={
0x00000147ee760370, 0x00000147fcca7670, 0x00000147fcca9c90, 0x00000147fccbce90,
0x00000147fccc1a50, 0x00000147fccc2da0, 0x00000147fccc5760, 0x00000147fccc8370,
0x00000147fccc8d20, 0x00000147fcd37cf0, 0x00000147fd82ca80, 0x00000147fd9282e0,
0x00000147fd9287b0
}

Java Threads: ( => current thread )
  0x00000147ee760370 JavaThread "main" [_thread_in_native, id=6056, stack(0x0000002137200000,0x0000002137300000)]
  0x00000147fcca7670 JavaThread "Reference Handler" daemon [_thread_blocked, id=12984, stack(0x0000002137900000,0x0000002137a00000)]
  0x00000147fcca9c90 JavaThread "Finalizer" daemon [_thread_blocked, id=15780, stack(0x0000002137a00000,0x0000002137b00000)]
  0x00000147fccbce90 JavaThread "Signal Dispatcher" daemon [_thread_blocked, id=7684, stack(0x0000002137b00000,0x0000002137c00000)]
  0x00000147fccc1a50 JavaThread "Attach Listener" daemon [_thread_blocked, id=17456, stack(0x0000002137c00000,0x0000002137d00000)]
  0x00000147fccc2da0 JavaThread "Service Thread" daemon [_thread_blocked, id=9192, stack(0x0000002137d00000,0x0000002137e00000)]
  0x00000147fccc5760 JavaThread "Monitor Deflation Thread" daemon [_thread_blocked, id=15728, stack(0x0000002137e00000,0x0000002137f00000)]
=>0x00000147fccc8370 JavaThread "C2 CompilerThread0" daemon [_thread_in_native, id=18976, stack(0x0000002137f00000,0x0000002138000000)]
  0x00000147fccc8d20 JavaThread "C1 CompilerThread0" daemon [_thread_blocked, id=16784, stack(0x0000002138000000,0x0000002138100000)]
  0x00000147fcd37cf0 JavaThread "Sweeper thread" daemon [_thread_blocked, id=11608, stack(0x0000002138100000,0x0000002138200000)]
  0x00000147fd82ca80 JavaThread "Common-Cleaner" daemon [_thread_blocked, id=19224, stack(0x0000002138200000,0x0000002138300000)]
  0x00000147fd9282e0 JavaThread "Monitor Ctrl-Break" daemon [_thread_in_native, id=17364, stack(0x0000002138300000,0x0000002138400000)]
  0x00000147fd9287b0 JavaThread "Notification Thread" daemon [_thread_blocked, id=17728, stack(0x0000002138400000,0x0000002138500000)]

Other Threads:
  0x00000147fcc9f530 VMThread "VM Thread" [stack: 0x0000002137800000,0x0000002137900000] [id=18504]
  0x00000147ee761320 WatcherThread [stack: 0x0000002138500000,0x0000002138600000] [id=13336]
  0x00000147ee7baf10 GCTaskThread "GC Thread#0" [stack: 0x0000002137300000,0x0000002137400000] [id=17212]
  0x00000147fdc1e180 GCTaskThread "GC Thread#1" [stack: 0x0000002138600000,0x0000002138700000] [id=15844]
  0x00000147ee7cb8d0 ConcurrentGCThread "G1 Main Marker" [stack: 0x0000002137400000,0x0000002137500000] [id=16168]
  0x00000147ee7cc3b0 ConcurrentGCThread "G1 Conc#0" [stack: 0x0000002137500000,0x0000002137600000] [id=7344]
  0x00000147ee8295e0 ConcurrentGCThread "G1 Refine#0" [stack: 0x0000002137600000,0x0000002137700000] [id=17404]
  0x00000147fcb601f0 ConcurrentGCThread "G1 Service" [stack: 0x0000002137700000,0x0000002137800000] [id=16404]

Threads with active compile tasks:
C2 CompilerThread0     2581  907   !   4       jdk.internal.loader.URLClassPath$JarLoader::getResource (65 bytes)

VM state: not at safepoint (normal execution)

VM Mutex/Monitor currently owned by a thread: None

Heap address: 0x0000000082c00000, size: 2004 MB, Compressed Oops mode: 32-bit

CDS archive(s) mapped at: [0x0000000800000000-0x0000000800bc0000-0x0000000800bc0000), size 12320768, SharedBaseAddress: 0x0000000800000000, ArchiveRelocationMode: 0.
Compressed class space mapped at: 0x0000000800c00000-0x0000000840c00000, reserved size: 1073741824
Narrow klass base: 0x0000000800000000, Narrow klass shift: 0, Narrow klass range: 0x100000000

GC Precious Log:
 CPUs: 2 total, 2 available
 Memory: 8012M
 Large Page Support: Disabled
 NUMA Support: Disabled
 Compressed Oops: Enabled (32-bit)
 Heap Region Size: 1M
 Heap Min Capacity: 8M
 Heap Initial Capacity: 126M
 Heap Max Capacity: 2004M
 Pre-touch: Disabled
 Parallel Workers: 2
 Concurrent Workers: 1
 Concurrent Refinement Workers: 2
 Periodic GC: Disabled

Heap:
 garbage-first heap   total 129024K, used 10389K [0x0000000082c00000, 0x0000000100000000)
  region size 1024K, 8 young (8192K), 1 survivors (1024K)
 Metaspace       used 5429K, committed 5632K, reserved 1056768K
  class space    used 650K, committed 768K, reserved 1048576K

Heap Regions: E=young(eden), S=young(survivor), O=old, HS=humongous(starts), HC=humongous(continues), CS=collection set, F=free, OA=open archive, CA=closed archive, TAMS=top-at-mark-start (previous, next)
|   0|0x0000000082c00000, 0x0000000082d00000, 0x0000000082d00000|100%|HS|  |TAMS 0x0000000082c00000, 0x0000000082c00000| Complete 
|   1|0x0000000082d00000, 0x0000000082e00000, 0x0000000082e00000|100%| O|  |TAMS 0x0000000082d00000, 0x0000000082d00000| Untracked 
|   2|0x0000000082e00000, 0x0000000082f00000, 0x0000000082f00000|100%| O|  |TAMS 0x0000000082e00000, 0x0000000082e00000| Untracked 
|   3|0x0000000082f00000, 0x0000000082f25400, 0x0000000083000000| 14%| O|  |TAMS 0x0000000082f00000, 0x0000000082f00000| Untracked 
|   4|0x0000000083000000, 0x0000000083000000, 0x0000000083100000|  0%| F|  |TAMS 0x0000000083000000, 0x0000000083000000| Untracked 
|   5|0x0000000083100000, 0x0000000083100000, 0x0000000083200000|  0%| F|  |TAMS 0x0000000083100000, 0x0000000083100000| Untracked 
|   6|0x0000000083200000, 0x0000000083200000, 0x0000000083300000|  0%| F|  |TAMS 0x0000000083200000, 0x0000000083200000| Untracked 
|   7|0x0000000083300000, 0x0000000083300000, 0x0000000083400000|  0%| F|  |TAMS 0x0000000083300000, 0x0000000083300000| Untracked 
|   8|0x0000000083400000, 0x0000000083400000, 0x0000000083500000|  0%| F|  |TAMS 0x0000000083400000, 0x0000000083400000| Untracked 
|   9|0x0000000083500000, 0x0000000083500000, 0x0000000083600000|  0%| F|  |TAMS 0x0000000083500000, 0x0000000083500000| Untracked 
|  10|0x0000000083600000, 0x0000000083600000, 0x0000000083700000|  0%| F|  |TAMS 0x0000000083600000, 0x0000000083600000| Untracked 
|  11|0x0000000083700000, 0x0000000083700000, 0x0000000083800000|  0%| F|  |TAMS 0x0000000083700000, 0x0000000083700000| Untracked 
|  12|0x0000000083800000, 0x0000000083800000, 0x0000000083900000|  0%| F|  |TAMS 0x0000000083800000, 0x0000000083800000| Untracked 
|  13|0x0000000083900000, 0x0000000083900000, 0x0000000083a00000|  0%| F|  |TAMS 0x0000000083900000, 0x0000000083900000| Untracked 
|  14|0x0000000083a00000, 0x0000000083a00000, 0x0000000083b00000|  0%| F|  |TAMS 0x0000000083a00000, 0x0000000083a00000| Untracked 
|  15|0x0000000083b00000, 0x0000000083b00000, 0x0000000083c00000|  0%| F|  |TAMS 0x0000000083b00000, 0x0000000083b00000| Untracked 
|  16|0x0000000083c00000, 0x0000000083c00000, 0x0000000083d00000|  0%| F|  |TAMS 0x0000000083c00000, 0x0000000083c00000| Untracked 
|  17|0x0000000083d00000, 0x0000000083d00000, 0x0000000083e00000|  0%| F|  |TAMS 0x0000000083d00000, 0x0000000083d00000| Untracked 
|  18|0x0000000083e00000, 0x0000000083e00000, 0x0000000083f00000|  0%| F|  |TAMS 0x0000000083e00000, 0x0000000083e00000| Untracked 
|  19|0x0000000083f00000, 0x0000000083f00000, 0x0000000084000000|  0%| F|  |TAMS 0x0000000083f00000, 0x0000000083f00000| Untracked 
|  20|0x0000000084000000, 0x0000000084000000, 0x0000000084100000|  0%| F|  |TAMS 0x0000000084000000, 0x0000000084000000| Untracked 
|  21|0x0000000084100000, 0x0000000084100000, 0x0000000084200000|  0%| F|  |TAMS 0x0000000084100000, 0x0000000084100000| Untracked 
|  22|0x0000000084200000, 0x0000000084200000, 0x0000000084300000|  0%| F|  |TAMS 0x0000000084200000, 0x0000000084200000| Untracked 
|  23|0x0000000084300000, 0x0000000084300000, 0x0000000084400000|  0%| F|  |TAMS 0x0000000084300000, 0x0000000084300000| Untracked 
|  24|0x0000000084400000, 0x0000000084400000, 0x0000000084500000|  0%| F|  |TAMS 0x0000000084400000, 0x0000000084400000| Untracked 
|  25|0x0000000084500000, 0x0000000084500000, 0x0000000084600000|  0%| F|  |TAMS 0x0000000084500000, 0x0000000084500000| Untracked 
|  26|0x0000000084600000, 0x0000000084600000, 0x0000000084700000|  0%| F|  |TAMS 0x0000000084600000, 0x0000000084600000| Untracked 
|  27|0x0000000084700000, 0x0000000084700000, 0x0000000084800000|  0%| F|  |TAMS 0x0000000084700000, 0x0000000084700000| Untracked 
|  28|0x0000000084800000, 0x0000000084800000, 0x0000000084900000|  0%| F|  |TAMS 0x0000000084800000, 0x0000000084800000| Untracked 
|  29|0x0000000084900000, 0x0000000084900000, 0x0000000084a00000|  0%| F|  |TAMS 0x0000000084900000, 0x0000000084900000| Untracked 
|  30|0x0000000084a00000, 0x0000000084a00000, 0x0000000084b00000|  0%| F|  |TAMS 0x0000000084a00000, 0x0000000084a00000| Untracked 
|  31|0x0000000084b00000, 0x0000000084b00000, 0x0000000084c00000|  0%| F|  |TAMS 0x0000000084b00000, 0x0000000084b00000| Untracked 
|  32|0x0000000084c00000, 0x0000000084c00000, 0x0000000084d00000|  0%| F|  |TAMS 0x0000000084c00000, 0x0000000084c00000| Untracked 
|  33|0x0000000084d00000, 0x0000000084d00000, 0x0000000084e00000|  0%| F|  |TAMS 0x0000000084d00000, 0x0000000084d00000| Untracked 
|  34|0x0000000084e00000, 0x0000000084e00000, 0x0000000084f00000|  0%| F|  |TAMS 0x0000000084e00000, 0x0000000084e00000| Untracked 
|  35|0x0000000084f00000, 0x0000000084f00000, 0x0000000085000000|  0%| F|  |TAMS 0x0000000084f00000, 0x0000000084f00000| Untracked 
|  36|0x0000000085000000, 0x0000000085000000, 0x0000000085100000|  0%| F|  |TAMS 0x0000000085000000, 0x0000000085000000| Untracked 
|  37|0x0000000085100000, 0x0000000085100000, 0x0000000085200000|  0%| F|  |TAMS 0x0000000085100000, 0x0000000085100000| Untracked 
|  38|0x0000000085200000, 0x0000000085200000, 0x0000000085300000|  0%| F|  |TAMS 0x0000000085200000, 0x0000000085200000| Untracked 
|  39|0x0000000085300000, 0x0000000085300000, 0x0000000085400000|  0%| F|  |TAMS 0x0000000085300000, 0x0000000085300000| Untracked 
|  40|0x0000000085400000, 0x0000000085400000, 0x0000000085500000|  0%| F|  |TAMS 0x0000000085400000, 0x0000000085400000| Untracked 
|  41|0x0000000085500000, 0x0000000085500000, 0x0000000085600000|  0%| F|  |TAMS 0x0000000085500000, 0x0000000085500000| Untracked 
|  42|0x0000000085600000, 0x0000000085600000, 0x0000000085700000|  0%| F|  |TAMS 0x0000000085600000, 0x0000000085600000| Untracked 
|  43|0x0000000085700000, 0x0000000085700000, 0x0000000085800000|  0%| F|  |TAMS 0x0000000085700000, 0x0000000085700000| Untracked 
|  44|0x0000000085800000, 0x0000000085800000, 0x0000000085900000|  0%| F|  |TAMS 0x0000000085800000, 0x0000000085800000| Untracked 
|  45|0x0000000085900000, 0x0000000085900000, 0x0000000085a00000|  0%| F|  |TAMS 0x0000000085900000, 0x0000000085900000| Untracked 
|  46|0x0000000085a00000, 0x0000000085a00000, 0x0000000085b00000|  0%| F|  |TAMS 0x0000000085a00000, 0x0000000085a00000| Untracked 
|  47|0x0000000085b00000, 0x0000000085b00000, 0x0000000085c00000|  0%| F|  |TAMS 0x0000000085b00000, 0x0000000085b00000| Untracked 
|  48|0x0000000085c00000, 0x0000000085c00000, 0x0000000085d00000|  0%| F|  |TAMS 0x0000000085c00000, 0x0000000085c00000| Untracked 
|  49|0x0000000085d00000, 0x0000000085d00000, 0x0000000085e00000|  0%| F|  |TAMS 0x0000000085d00000, 0x0000000085d00000| Untracked 
|  50|0x0000000085e00000, 0x0000000085e00000, 0x0000000085f00000|  0%| F|  |TAMS 0x0000000085e00000, 0x0000000085e00000| Untracked 
|  51|0x0000000085f00000, 0x0000000085f00000, 0x0000000086000000|  0%| F|  |TAMS 0x0000000085f00000, 0x0000000085f00000| Untracked 
|  52|0x0000000086000000, 0x0000000086000000, 0x0000000086100000|  0%| F|  |TAMS 0x0000000086000000, 0x0000000086000000| Untracked 
|  53|0x0000000086100000, 0x0000000086100000, 0x0000000086200000|  0%| F|  |TAMS 0x0000000086100000, 0x0000000086100000| Untracked 
|  54|0x0000000086200000, 0x0000000086200000, 0x0000000086300000|  0%| F|  |TAMS 0x0000000086200000, 0x0000000086200000| Untracked 
|  55|0x0000000086300000, 0x0000000086300000, 0x0000000086400000|  0%| F|  |TAMS 0x0000000086300000, 0x0000000086300000| Untracked 
|  56|0x0000000086400000, 0x0000000086400000, 0x0000000086500000|  0%| F|  |TAMS 0x0000000086400000, 0x0000000086400000| Untracked 
|  57|0x0000000086500000, 0x0000000086500000, 0x0000000086600000|  0%| F|  |TAMS 0x0000000086500000, 0x0000000086500000| Untracked 
|  58|0x0000000086600000, 0x0000000086600000, 0x0000000086700000|  0%| F|  |TAMS 0x0000000086600000, 0x0000000086600000| Untracked 
|  59|0x0000000086700000, 0x0000000086700000, 0x0000000086800000|  0%| F|  |TAMS 0x0000000086700000, 0x0000000086700000| Untracked 
|  60|0x0000000086800000, 0x0000000086800000, 0x0000000086900000|  0%| F|  |TAMS 0x0000000086800000, 0x0000000086800000| Untracked 
|  61|0x0000000086900000, 0x0000000086900000, 0x0000000086a00000|  0%| F|  |TAMS 0x0000000086900000, 0x0000000086900000| Untracked 
|  62|0x0000000086a00000, 0x0000000086a00000, 0x0000000086b00000|  0%| F|  |TAMS 0x0000000086a00000, 0x0000000086a00000| Untracked 
|  63|0x0000000086b00000, 0x0000000086b00000, 0x0000000086c00000|  0%| F|  |TAMS 0x0000000086b00000, 0x0000000086b00000| Untracked 
|  64|0x0000000086c00000, 0x0000000086c00000, 0x0000000086d00000|  0%| F|  |TAMS 0x0000000086c00000, 0x0000000086c00000| Untracked 
|  65|0x0000000086d00000, 0x0000000086d00000, 0x0000000086e00000|  0%| F|  |TAMS 0x0000000086d00000, 0x0000000086d00000| Untracked 
|  66|0x0000000086e00000, 0x0000000086e00000, 0x0000000086f00000|  0%| F|  |TAMS 0x0000000086e00000, 0x0000000086e00000| Untracked 
|  67|0x0000000086f00000, 0x0000000086f00000, 0x0000000087000000|  0%| F|  |TAMS 0x0000000086f00000, 0x0000000086f00000| Untracked 
|  68|0x0000000087000000, 0x0000000087000000, 0x0000000087100000|  0%| F|  |TAMS 0x0000000087000000, 0x0000000087000000| Untracked 
|  69|0x0000000087100000, 0x0000000087100000, 0x0000000087200000|  0%| F|  |TAMS 0x0000000087100000, 0x0000000087100000| Untracked 
|  70|0x0000000087200000, 0x0000000087200000, 0x0000000087300000|  0%| F|  |TAMS 0x0000000087200000, 0x0000000087200000| Untracked 
|  71|0x0000000087300000, 0x0000000087300000, 0x0000000087400000|  0%| F|  |TAMS 0x0000000087300000, 0x0000000087300000| Untracked 
|  72|0x0000000087400000, 0x0000000087400000, 0x0000000087500000|  0%| F|  |TAMS 0x0000000087400000, 0x0000000087400000| Untracked 
|  73|0x0000000087500000, 0x0000000087500000, 0x0000000087600000|  0%| F|  |TAMS 0x0000000087500000, 0x0000000087500000| Untracked 
|  74|0x0000000087600000, 0x0000000087600000, 0x0000000087700000|  0%| F|  |TAMS 0x0000000087600000, 0x0000000087600000| Untracked 
|  75|0x0000000087700000, 0x0000000087700000, 0x0000000087800000|  0%| F|  |TAMS 0x0000000087700000, 0x0000000087700000| Untracked 
|  76|0x0000000087800000, 0x0000000087800000, 0x0000000087900000|  0%| F|  |TAMS 0x0000000087800000, 0x0000000087800000| Untracked 
|  77|0x0000000087900000, 0x0000000087900000, 0x0000000087a00000|  0%| F|  |TAMS 0x0000000087900000, 0x0000000087900000| Untracked 
|  78|0x0000000087a00000, 0x0000000087a00000, 0x0000000087b00000|  0%| F|  |TAMS 0x0000000087a00000, 0x0000000087a00000| Untracked 
|  79|0x0000000087b00000, 0x0000000087b00000, 0x0000000087c00000|  0%| F|  |TAMS 0x0000000087b00000, 0x0000000087b00000| Untracked 
|  80|0x0000000087c00000, 0x0000000087c00000, 0x0000000087d00000|  0%| F|  |TAMS 0x0000000087c00000, 0x0000000087c00000| Untracked 
|  81|0x0000000087d00000, 0x0000000087d00000, 0x0000000087e00000|  0%| F|  |TAMS 0x0000000087d00000, 0x0000000087d00000| Untracked 
|  82|0x0000000087e00000, 0x0000000087e00000, 0x0000000087f00000|  0%| F|  |TAMS 0x0000000087e00000, 0x0000000087e00000| Untracked 
|  83|0x0000000087f00000, 0x0000000087f00000, 0x0000000088000000|  0%| F|  |TAMS 0x0000000087f00000, 0x0000000087f00000| Untracked 
|  84|0x0000000088000000, 0x0000000088000000, 0x0000000088100000|  0%| F|  |TAMS 0x0000000088000000, 0x0000000088000000| Untracked 
|  85|0x0000000088100000, 0x0000000088100000, 0x0000000088200000|  0%| F|  |TAMS 0x0000000088100000, 0x0000000088100000| Untracked 
|  86|0x0000000088200000, 0x0000000088200000, 0x0000000088300000|  0%| F|  |TAMS 0x0000000088200000, 0x0000000088200000| Untracked 
|  87|0x0000000088300000, 0x0000000088300000, 0x0000000088400000|  0%| F|  |TAMS 0x0000000088300000, 0x0000000088300000| Untracked 
|  88|0x0000000088400000, 0x0000000088400000, 0x0000000088500000|  0%| F|  |TAMS 0x0000000088400000, 0x0000000088400000| Untracked 
|  89|0x0000000088500000, 0x0000000088500000, 0x0000000088600000|  0%| F|  |TAMS 0x0000000088500000, 0x0000000088500000| Untracked 
|  90|0x0000000088600000, 0x0000000088600000, 0x0000000088700000|  0%| F|  |TAMS 0x0000000088600000, 0x0000000088600000| Untracked 
|  91|0x0000000088700000, 0x0000000088700000, 0x0000000088800000|  0%| F|  |TAMS 0x0000000088700000, 0x0000000088700000| Untracked 
|  92|0x0000000088800000, 0x0000000088800000, 0x0000000088900000|  0%| F|  |TAMS 0x0000000088800000, 0x0000000088800000| Untracked 
|  93|0x0000000088900000, 0x0000000088900000, 0x0000000088a00000|  0%| F|  |TAMS 0x0000000088900000, 0x0000000088900000| Untracked 
|  94|0x0000000088a00000, 0x0000000088a00000, 0x0000000088b00000|  0%| F|  |TAMS 0x0000000088a00000, 0x0000000088a00000| Untracked 
|  95|0x0000000088b00000, 0x0000000088b00000, 0x0000000088c00000|  0%| F|  |TAMS 0x0000000088b00000, 0x0000000088b00000| Untracked 
|  96|0x0000000088c00000, 0x0000000088c00000, 0x0000000088d00000|  0%| F|  |TAMS 0x0000000088c00000, 0x0000000088c00000| Untracked 
|  97|0x0000000088d00000, 0x0000000088d00000, 0x0000000088e00000|  0%| F|  |TAMS 0x0000000088d00000, 0x0000000088d00000| Untracked 
|  98|0x0000000088e00000, 0x0000000088e00000, 0x0000000088f00000|  0%| F|  |TAMS 0x0000000088e00000, 0x0000000088e00000| Untracked 
|  99|0x0000000088f00000, 0x0000000088f00000, 0x0000000089000000|  0%| F|  |TAMS 0x0000000088f00000, 0x0000000088f00000| Untracked 
| 100|0x0000000089000000, 0x0000000089000000, 0x0000000089100000|  0%| F|  |TAMS 0x0000000089000000, 0x0000000089000000| Untracked 
| 101|0x0000000089100000, 0x0000000089100000, 0x0000000089200000|  0%| F|  |TAMS 0x0000000089100000, 0x0000000089100000| Untracked 
| 102|0x0000000089200000, 0x0000000089200000, 0x0000000089300000|  0%| F|  |TAMS 0x0000000089200000, 0x0000000089200000| Untracked 
| 103|0x0000000089300000, 0x0000000089300000, 0x0000000089400000|  0%| F|  |TAMS 0x0000000089300000, 0x0000000089300000| Untracked 
| 104|0x0000000089400000, 0x0000000089400000, 0x0000000089500000|  0%| F|  |TAMS 0x0000000089400000, 0x0000000089400000| Untracked 
| 105|0x0000000089500000, 0x0000000089500000, 0x0000000089600000|  0%| F|  |TAMS 0x0000000089500000, 0x0000000089500000| Untracked 
| 106|0x0000000089600000, 0x0000000089600000, 0x0000000089700000|  0%| F|  |TAMS 0x0000000089600000, 0x0000000089600000| Untracked 
| 107|0x0000000089700000, 0x0000000089700000, 0x0000000089800000|  0%| F|  |TAMS 0x0000000089700000, 0x0000000089700000| Untracked 
| 108|0x0000000089800000, 0x0000000089800000, 0x0000000089900000|  0%| F|  |TAMS 0x0000000089800000, 0x0000000089800000| Untracked 
| 109|0x0000000089900000, 0x0000000089900000, 0x0000000089a00000|  0%| F|  |TAMS 0x0000000089900000, 0x0000000089900000| Untracked 
| 110|0x0000000089a00000, 0x0000000089a00000, 0x0000000089b00000|  0%| F|  |TAMS 0x0000000089a00000, 0x0000000089a00000| Untracked 
| 111|0x0000000089b00000, 0x0000000089b00000, 0x0000000089c00000|  0%| F|  |TAMS 0x0000000089b00000, 0x0000000089b00000| Untracked 
| 112|0x0000000089c00000, 0x0000000089c00000, 0x0000000089d00000|  0%| F|  |TAMS 0x0000000089c00000, 0x0000000089c00000| Untracked 
| 113|0x0000000089d00000, 0x0000000089d00000, 0x0000000089e00000|  0%| F|  |TAMS 0x0000000089d00000, 0x0000000089d00000| Untracked 
| 114|0x0000000089e00000, 0x0000000089e00000, 0x0000000089f00000|  0%| F|  |TAMS 0x0000000089e00000, 0x0000000089e00000| Untracked 
| 115|0x0000000089f00000, 0x0000000089f00000, 0x000000008a000000|  0%| F|  |TAMS 0x0000000089f00000, 0x0000000089f00000| Untracked 
| 116|0x000000008a000000, 0x000000008a000000, 0x000000008a100000|  0%| F|  |TAMS 0x000000008a000000, 0x000000008a000000| Untracked 
| 117|0x000000008a100000, 0x000000008a100000, 0x000000008a200000|  0%| F|  |TAMS 0x000000008a100000, 0x000000008a100000| Untracked 
| 118|0x000000008a200000, 0x000000008a2b1e30, 0x000000008a300000| 69%| E|  |TAMS 0x000000008a200000, 0x000000008a200000| Complete 
| 119|0x000000008a300000, 0x000000008a400000, 0x000000008a400000|100%| E|CS|TAMS 0x000000008a300000, 0x000000008a300000| Complete 
| 120|0x000000008a400000, 0x000000008a500000, 0x000000008a500000|100%| S|CS|TAMS 0x000000008a400000, 0x000000008a400000| Complete 
| 121|0x000000008a500000, 0x000000008a600000, 0x000000008a600000|100%| E|CS|TAMS 0x000000008a500000, 0x000000008a500000| Complete 
| 122|0x000000008a600000, 0x000000008a700000, 0x000000008a700000|100%| E|CS|TAMS 0x000000008a600000, 0x000000008a600000| Complete 
| 123|0x000000008a700000, 0x000000008a800000, 0x000000008a800000|100%| E|CS|TAMS 0x000000008a700000, 0x000000008a700000| Complete 
| 124|0x000000008a800000, 0x000000008a900000, 0x000000008a900000|100%| E|CS|TAMS 0x000000008a800000, 0x000000008a800000| Complete 
| 125|0x000000008a900000, 0x000000008aa00000, 0x000000008aa00000|100%| E|CS|TAMS 0x000000008a900000, 0x000000008a900000| Complete 

Card table byte_map: [0x00000147f6260000,0x00000147f6650000] _byte_map_base: 0x00000147f5e4a000

Marking Bits (Prev, Next): (CMBitMap*) 0x00000147ee7bb520, (CMBitMap*) 0x00000147ee7bb560
 Prev Bits: [0x00000147f6a40000, 0x00000147f8990000)
 Next Bits: [0x00000147f8990000, 0x00000147fa8e0000)

Polling page: 0x00000147ec610000

Metaspace:

Usage:
  Non-class:      4.69 MB used.
      Class:    658.09 KB used.
       Both:      5.33 MB used.

Virtual space:
  Non-class space:        8.00 MB reserved,       4.75 MB ( 59%) committed,  1 nodes.
      Class space:        1.00 GB reserved,     768.00 KB ( <1%) committed,  1 nodes.
             Both:        1.01 GB reserved,       5.50 MB ( <1%) committed. 

Chunk freelists:
   Non-Class:  1.39 MB
       Class:  3.27 MB
        Both:  4.66 MB

MaxMetaspaceSize: unlimited
CompressedClassSpaceSize: 1.00 GB
Initial GC threshold: 21.00 MB
Current GC threshold: 21.00 MB
CDS: on
MetaspaceReclaimPolicy: balanced
 - commit_granule_bytes: 65536.
 - commit_granule_words: 8192.
 - virtual_space_node_default_size: 1048576.
 - enlarge_chunks_in_place: 1.
 - new_chunks_are_fully_committed: 0.
 - uncommit_free_chunks: 1.
 - use_allocation_guard: 0.
 - handle_deallocations: 1.


Internal statistics:

num_allocs_failed_limit: 0.
num_arena_births: 72.
num_arena_deaths: 0.
num_vsnodes_births: 2.
num_vsnodes_deaths: 0.
num_space_committed: 88.
num_space_uncommitted: 0.
num_chunks_returned_to_freelist: 0.
num_chunks_taken_from_freelist: 234.
num_chunk_merges: 0.
num_chunk_splits: 151.
num_chunks_enlarged: 104.
num_purges: 0.
num_inconsistent_stats: 0.

CodeHeap 'non-profiled nmethods': size=120064Kb used=316Kb max_used=316Kb free=119747Kb
 bounds [0x0000014787ac0000, 0x0000014787d30000, 0x000001478f000000]
CodeHeap 'profiled nmethods': size=120000Kb used=1721Kb max_used=1721Kb free=118278Kb
 bounds [0x0000014780000000, 0x0000014780270000, 0x0000014787530000]
CodeHeap 'non-nmethods': size=5696Kb used=1142Kb max_used=1160Kb free=4553Kb
 bounds [0x0000014787530000, 0x00000147877a0000, 0x0000014787ac0000]
 total_blobs=1392 nmethods=961 adapters=345
 compilation: enabled
              stopped_count=0, restarted_count=0
 full_count=0

Compilation events (20 events):
Event: 2.405 Thread 0x00000147fccc8370  907   !   4       jdk.internal.loader.URLClassPath$JarLoader::getResource (65 bytes)
Event: 2.405 Thread 0x00000147fccc8d20 nmethod 923 0x0000014780198590 code [0x0000014780198780, 0x0000014780198e28]
Event: 2.405 Thread 0x00000147fccc8d20  924       3       jdk.internal.org.objectweb.asm.Handler::<init> (32 bytes)
Event: 2.405 Thread 0x00000147fccc8d20 nmethod 924 0x0000014780199090 code [0x0000014780199240, 0x0000014780199518]
Event: 2.405 Thread 0x00000147fccc8d20  925       3       sun.invoke.util.BytecodeDescriptor::unparseSig (49 bytes)
Event: 2.406 Thread 0x00000147fccc8d20 nmethod 925 0x0000014780199610 code [0x0000014780199840, 0x0000014780199d68]
Event: 2.455 Thread 0x00000147fccc8d20  927       3       java.lang.ref.Reference::<init> (7 bytes)
Event: 2.455 Thread 0x00000147fccc8d20 nmethod 927 0x0000014780199f90 code [0x000001478019a140, 0x000001478019a3f8]
Event: 2.468 Thread 0x00000147fccc8d20  928       3       java.util.jar.JarFile$JarFileEntry::getRealName (5 bytes)
Event: 2.468 Thread 0x00000147fccc8d20 nmethod 928 0x000001478019a510 code [0x000001478019a6a0, 0x000001478019a7b8]
Event: 2.473 Thread 0x00000147fccc8d20  929       3       java.security.AccessController::executePrivileged (65 bytes)
Event: 2.474 Thread 0x00000147fccc8d20 nmethod 929 0x000001478019a890 code [0x000001478019aa60, 0x000001478019ad58]
Event: 2.476 Thread 0x00000147fccc8d20  930       3       java.security.AccessController::doPrivileged (9 bytes)
Event: 2.477 Thread 0x00000147fccc8d20 nmethod 930 0x000001478019ae90 code [0x000001478019b060, 0x000001478019b398]
Event: 2.478 Thread 0x00000147fccc8d20  931       3       jdk.internal.org.objectweb.asm.MethodVisitor::<init> (88 bytes)
Event: 2.479 Thread 0x00000147fccc8d20 nmethod 931 0x000001478019b510 code [0x000001478019b760, 0x000001478019c048]
Event: 2.483 Thread 0x00000147fccc8d20  932       3       java.lang.Class::forName (47 bytes)
Event: 2.484 Thread 0x00000147fccc8d20 nmethod 932 0x000001478019c310 code [0x000001478019c500, 0x000001478019caa8]
Event: 2.485 Thread 0x00000147fccc8d20  933       3       jdk.internal.org.objectweb.asm.MethodWriter::visitLdcInsn (215 bytes)
Event: 2.486 Thread 0x00000147fccc8d20 nmethod 933 0x000001478019cd10 code [0x000001478019cf80, 0x000001478019da48]

GC Heap History (4 events):
Event: 1.481 GC heap before
{Heap before GC invocations=0 (full 0):
 garbage-first heap   total 129024K, used 6144K [0x0000000082c00000, 0x0000000100000000)
  region size 1024K, 6 young (6144K), 0 survivors (0K)
 Metaspace       used 2351K, committed 2560K, reserved 1056768K
  class space    used 244K, committed 320K, reserved 1048576K
}
Event: 1.490 GC heap after
{Heap after GC invocations=1 (full 0):
 garbage-first heap   total 129024K, used 2934K [0x0000000082c00000, 0x0000000100000000)
  region size 1024K, 1 young (1024K), 1 survivors (1024K)
 Metaspace       used 2351K, committed 2560K, reserved 1056768K
  class space    used 244K, committed 320K, reserved 1048576K
}
Event: 1.939 GC heap before
{Heap before GC invocations=1 (full 0):
 garbage-first heap   total 129024K, used 7030K [0x0000000082c00000, 0x0000000100000000)
  region size 1024K, 6 young (6144K), 1 survivors (1024K)
 Metaspace       used 3776K, committed 3968K, reserved 1056768K
  class space    used 384K, committed 448K, reserved 1048576K
}
Event: 1.948 GC heap after
{Heap after GC invocations=2 (full 0):
 garbage-first heap   total 129024K, used 4245K [0x0000000082c00000, 0x0000000100000000)
  region size 1024K, 1 young (1024K), 1 survivors (1024K)
 Metaspace       used 3776K, committed 3968K, reserved 1056768K
  class space    used 384K, committed 448K, reserved 1048576K
}

Dll operation events (10 events):
Event: 0.024 Loaded shared library C:\Program Files\BellSoft\LibericaJDK-17\bin\java.dll
Event: 0.116 Loaded shared library C:\Program Files\BellSoft\LibericaJDK-17\bin\jsvml.dll
Event: 0.385 Loaded shared library C:\Program Files\BellSoft\LibericaJDK-17\bin\zip.dll
Event: 0.391 Loaded shared library C:\Program Files\BellSoft\LibericaJDK-17\bin\instrument.dll
Event: 0.411 Loaded shared library C:\Program Files\BellSoft\LibericaJDK-17\bin\net.dll
Event: 0.417 Loaded shared library C:\Program Files\BellSoft\LibericaJDK-17\bin\nio.dll
Event: 0.445 Loaded shared library C:\Program Files\BellSoft\LibericaJDK-17\bin\zip.dll
Event: 0.454 Loaded shared library C:\Program Files\JetBrains\IntelliJ IDEA 2022.3.3\bin\breakgen64.dll
Event: 0.480 Loaded shared library C:\Program Files\BellSoft\LibericaJDK-17\bin\verify.dll
Event: 0.888 Loaded shared library C:\Program Files\BellSoft\LibericaJDK-17\bin\jimage.dll

Deoptimization events (20 events):
Event: 1.514 Thread 0x00000147ee760370 DEOPT PACKING pc=0x0000014787ae6430 sp=0x00000021372fae70
Event: 1.514 Thread 0x00000147ee760370 DEOPT UNPACKING pc=0x000001478758699d sp=0x00000021372fadb0 mode 2
Event: 1.523 Thread 0x00000147ee760370 DEOPT PACKING pc=0x000001478003f0d6 sp=0x00000021372fab40
Event: 1.523 Thread 0x00000147ee760370 DEOPT UNPACKING pc=0x0000014787587124 sp=0x00000021372f9fe0 mode 0
Event: 1.562 Thread 0x00000147ee760370 DEOPT PACKING pc=0x00000147800e35e8 sp=0x00000021372fc280
Event: 1.562 Thread 0x00000147ee760370 DEOPT UNPACKING pc=0x0000014787587124 sp=0x00000021372fb710 mode 0
Event: 1.576 Thread 0x00000147ee760370 DEOPT PACKING pc=0x00000147800ddc65 sp=0x00000021372fc0f0
Event: 1.576 Thread 0x00000147ee760370 DEOPT UNPACKING pc=0x0000014787587124 sp=0x00000021372fb540 mode 0
Event: 1.636 Thread 0x00000147ee760370 DEOPT PACKING pc=0x00000147800ddc65 sp=0x00000021372fb5b0
Event: 1.636 Thread 0x00000147ee760370 DEOPT UNPACKING pc=0x0000014787587124 sp=0x00000021372faa00 mode 0
Event: 1.680 Thread 0x00000147ee760370 DEOPT PACKING pc=0x00000147800ddc65 sp=0x00000021372f9690
Event: 1.680 Thread 0x00000147ee760370 DEOPT UNPACKING pc=0x0000014787587124 sp=0x00000021372f8ae0 mode 0
Event: 1.701 Thread 0x00000147ee760370 DEOPT PACKING pc=0x00000147800ddc65 sp=0x00000021372fbfc0
Event: 1.701 Thread 0x00000147ee760370 DEOPT UNPACKING pc=0x0000014787587124 sp=0x00000021372fb410 mode 0
Event: 1.714 Thread 0x00000147ee760370 DEOPT PACKING pc=0x00000147800ddc65 sp=0x00000021372fafd0
Event: 1.714 Thread 0x00000147ee760370 DEOPT UNPACKING pc=0x0000014787587124 sp=0x00000021372fa420 mode 0
Event: 1.744 Thread 0x00000147ee760370 DEOPT PACKING pc=0x000001478004073e sp=0x00000021372f77c0
Event: 1.744 Thread 0x00000147ee760370 DEOPT UNPACKING pc=0x0000014787587124 sp=0x00000021372f6c38 mode 0
Event: 2.215 Thread 0x00000147ee760370 DEOPT PACKING pc=0x0000014780047988 sp=0x00000021372f68e0
Event: 2.215 Thread 0x00000147ee760370 DEOPT UNPACKING pc=0x0000014787587124 sp=0x00000021372f5de8 mode 0

Classes unloaded (0 events):
No events

Classes redefined (0 events):
No events

Internal exceptions (9 events):
Event: 0.472 Thread 0x00000147fd9282e0 Exception <a 'java/lang/NoSuchMethodError'{0x000000008a89edf8}: 'java.lang.Object java.lang.invoke.DirectMethodHandle$Holder.invokeStaticInit(java.lang.Object)'> (0x000000008a89edf8) 
thrown [s\src\hotspot\share\interpreter\linkResolver.cpp, line 759]
Event: 0.490 Thread 0x00000147fd9282e0 Exception <a 'java/lang/NoSuchMethodError'{0x000000008a8acd40}: 'void java.lang.invoke.DirectMethodHandle$Holder.invokeStatic(java.lang.Object, java.lang.Object)'> (0x000000008a8acd40) 
thrown [s\src\hotspot\share\interpreter\linkResolver.cpp, line 759]
Event: 0.503 Thread 0x00000147ee760370 Exception <a 'java/io/FileNotFoundException'{0x000000008a8f0aa0}> (0x000000008a8f0aa0) 
thrown [s\src\hotspot\share\prims\jni.cpp, line 516]
Event: 0.702 Thread 0x00000147ee760370 Exception <a 'java/lang/NoSuchMethodError'{0x000000008a643b50}: 'java.lang.Object java.lang.invoke.DirectMethodHandle$Holder.invokeInterface(java.lang.Object, java.lang.Object)'> (0x000000008a643b50) 
thrown [s\src\hotspot\share\interpreter\linkResolver.cpp, line 759]
Event: 0.705 Thread 0x00000147ee760370 Exception <a 'java/lang/IncompatibleClassChangeError'{0x000000008a6473b0}: Found class java.lang.Object, but interface was expected> (0x000000008a6473b0) 
thrown [s\src\hotspot\share\interpreter\linkResolver.cpp, line 826]
Event: 0.760 Thread 0x00000147ee760370 Exception <a 'java/lang/NoSuchMethodError'{0x000000008a6a41f0}: 'java.lang.Object java.lang.invoke.DirectMethodHandle$Holder.newInvokeSpecial(java.lang.Object, java.lang.Object, java.lang.Object, java.lang.Object, java.lang.Object)'> (0x000000008a6a41f0) 
thrown [s\src\hotspot\share\interpreter\linkResolver.cpp, line 759]
Event: 1.653 Thread 0x00000147ee760370 Exception <a 'java/lang/NoSuchMethodError'{0x000000008a75fdb0}: 'java.lang.Object java.lang.invoke.DirectMethodHandle$Holder.invokeStatic(java.lang.Object, java.lang.Object, int)'> (0x000000008a75fdb0) 
thrown [s\src\hotspot\share\interpreter\linkResolver.cpp, line 759]
Event: 1.661 Thread 0x00000147ee760370 Exception <a 'java/lang/NoSuchMethodError'{0x000000008a76bd48}: 'void java.lang.invoke.DelegatingMethodHandle$Holder.delegate(java.lang.Object, java.lang.Object, int, java.lang.Object)'> (0x000000008a76bd48) 
thrown [s\src\hotspot\share\interpreter\linkResolver.cpp, line 759]
Event: 1.662 Thread 0x00000147ee760370 Exception <a 'java/lang/NoSuchMethodError'{0x000000008a770380}: 'int java.lang.invoke.DirectMethodHandle$Holder.invokeSpecial(java.lang.Object, java.lang.Object, java.lang.Object)'> (0x000000008a770380) 
thrown [s\src\hotspot\share\interpreter\linkResolver.cpp, line 759]

VM Operations (10 events):
Event: 0.334 Executing VM operation: HandshakeAllThreads
Event: 0.334 Executing VM operation: HandshakeAllThreads done
Event: 0.465 Executing VM operation: HandshakeAllThreads
Event: 0.466 Executing VM operation: HandshakeAllThreads done
Event: 0.841 Executing VM operation: HandshakeAllThreads
Event: 0.841 Executing VM operation: HandshakeAllThreads done
Event: 1.481 Executing VM operation: G1CollectForAllocation
Event: 1.492 Executing VM operation: G1CollectForAllocation done
Event: 1.939 Executing VM operation: G1CollectForAllocation
Event: 1.948 Executing VM operation: G1CollectForAllocation done

Events (20 events):
Event: 2.045 loading class java/lang/Process
Event: 2.045 loading class java/lang/Process done
Event: 2.089 loading class java/lang/reflect/GenericSignatureFormatError
Event: 2.089 loading class java/lang/ClassFormatError
Event: 2.090 loading class java/lang/ClassFormatError done
Event: 2.090 loading class java/lang/reflect/GenericSignatureFormatError done
Event: 2.116 loading class java/lang/reflect/TypeVariable
Event: 2.116 loading class java/lang/reflect/TypeVariable done
Event: 2.116 loading class java/lang/reflect/AnnotatedType
Event: 2.116 loading class java/lang/reflect/AnnotatedType done
Event: 2.125 loading class java/lang/TypeNotPresentException
Event: 2.125 loading class java/lang/TypeNotPresentException done
Event: 2.135 loading class java/lang/IndexOutOfBoundsException
Event: 2.135 loading class java/lang/IndexOutOfBoundsException done
Event: 2.162 loading class java/io/Console
Event: 2.163 loading class java/io/Console done
Event: 2.163 loading class java/nio/channels/Channel
Event: 2.163 loading class java/nio/channels/Channel done
Event: 2.223 loading class java/util/AbstractList$Itr
Event: 2.223 loading class java/util/AbstractList$Itr done


Dynamic libraries:
0x00007ff6ffa70000 - 0x00007ff6ffa7d000 	C:\Program Files\BellSoft\LibericaJDK-17\bin\java.exe
0x00007ffa36950000 - 0x00007ffa36b48000 	C:\WINDOWS\SYSTEM32\ntdll.dll
0x00007ffa29eb0000 - 0x00007ffa29ec9000 	C:\Program Files\Avast Software\Avast\aswhook.dll
0x00007ffa34b30000 - 0x00007ffa34bef000 	C:\WINDOWS\System32\KERNEL32.DLL
0x00007ffa342d0000 - 0x00007ffa345aa000 	C:\WINDOWS\System32\KERNELBASE.dll
0x00007ffa34060000 - 0x00007ffa34160000 	C:\WINDOWS\System32\ucrtbase.dll
0x00007ffa2ed10000 - 0x00007ffa2ed27000 	C:\Program Files\BellSoft\LibericaJDK-17\bin\jli.dll
0x00007ffa36760000 - 0x00007ffa368fd000 	C:\WINDOWS\System32\USER32.dll
0x00007ffa34160000 - 0x00007ffa34182000 	C:\WINDOWS\System32\win32u.dll
0x00007ffa355d0000 - 0x00007ffa355fb000 	C:\WINDOWS\System32\GDI32.dll
0x00007ffa341c0000 - 0x00007ffa342d0000 	C:\WINDOWS\System32\gdi32full.dll
0x00007ffa347b0000 - 0x00007ffa3484d000 	C:\WINDOWS\System32\msvcp_win.dll
0x00007ffa2e000000 - 0x00007ffa2e015000 	C:\Program Files\BellSoft\LibericaJDK-17\bin\VCRUNTIME140.dll
0x00007ffa21c00000 - 0x00007ffa21e9a000 	C:\WINDOWS\WinSxS\amd64_microsoft.windows.common-controls_6595b64144ccf1df_6.0.19041.1110_none_60b5254171f9507e\COMCTL32.dll
0x00007ffa35b90000 - 0x00007ffa35c2e000 	C:\WINDOWS\System32\msvcrt.dll
0x00007ffa355a0000 - 0x00007ffa355d0000 	C:\WINDOWS\System32\IMM32.DLL
0x00007ff9fe070000 - 0x00007ff9fe10b000 	C:\Program Files\BellSoft\LibericaJDK-17\bin\msvcp140.dll
0x00007ff9e11b0000 - 0x00007ff9e1dd0000 	C:\Program Files\BellSoft\LibericaJDK-17\bin\server\jvm.dll
0x00007ffa34c70000 - 0x00007ffa34d1e000 	C:\WINDOWS\System32\ADVAPI32.dll
0x00007ffa34a10000 - 0x00007ffa34aac000 	C:\WINDOWS\System32\sechost.dll
0x00007ffa35a60000 - 0x00007ffa35b86000 	C:\WINDOWS\System32\RPCRT4.dll
0x00007ffa1f220000 - 0x00007ffa1f229000 	C:\WINDOWS\SYSTEM32\WSOCK32.dll
0x00007ffa36560000 - 0x00007ffa365cb000 	C:\WINDOWS\System32\WS2_32.dll
0x00007ffa0fbc0000 - 0x00007ffa0fbe7000 	C:\WINDOWS\SYSTEM32\WINMM.dll
0x00007ffa2a020000 - 0x00007ffa2a02a000 	C:\WINDOWS\SYSTEM32\VERSION.dll
0x00007ffa32a00000 - 0x00007ffa32a12000 	C:\WINDOWS\SYSTEM32\kernel.appcore.dll
0x00007ffa30130000 - 0x00007ffa3013a000 	C:\Program Files\BellSoft\LibericaJDK-17\bin\jimage.dll
0x00007ffa32410000 - 0x00007ffa325f4000 	C:\WINDOWS\SYSTEM32\DBGHELP.DLL
0x00007ffa29680000 - 0x00007ffa296b4000 	C:\WINDOWS\SYSTEM32\dbgcore.DLL
0x00007ffa345b0000 - 0x00007ffa34632000 	C:\WINDOWS\System32\bcryptPrimitives.dll
0x00007ffa2dd20000 - 0x00007ffa2dd2e000 	C:\Program Files\BellSoft\LibericaJDK-17\bin\instrument.dll
0x00007ffa2c8f0000 - 0x00007ffa2c915000 	C:\Program Files\BellSoft\LibericaJDK-17\bin\java.dll
0x00007ff9f9990000 - 0x00007ff9f9a66000 	C:\Program Files\BellSoft\LibericaJDK-17\bin\jsvml.dll
0x00007ffa34d20000 - 0x00007ffa35464000 	C:\WINDOWS\System32\SHELL32.dll
0x00007ffa31310000 - 0x00007ffa31aa3000 	C:\WINDOWS\SYSTEM32\windows.storage.dll
0x00007ffa36160000 - 0x00007ffa364b4000 	C:\WINDOWS\System32\combase.dll
0x00007ffa33a50000 - 0x00007ffa33a7e000 	C:\WINDOWS\SYSTEM32\Wldp.dll
0x00007ffa35c40000 - 0x00007ffa35ced000 	C:\WINDOWS\System32\SHCORE.dll
0x00007ffa365d0000 - 0x00007ffa36625000 	C:\WINDOWS\System32\shlwapi.dll
0x00007ffa33fa0000 - 0x00007ffa33fbf000 	C:\WINDOWS\SYSTEM32\profapi.dll
0x00007ffa2dce0000 - 0x00007ffa2dcf8000 	C:\Program Files\BellSoft\LibericaJDK-17\bin\zip.dll
0x00007ffa2db50000 - 0x00007ffa2db69000 	C:\Program Files\BellSoft\LibericaJDK-17\bin\net.dll
0x00007ffa222e0000 - 0x00007ffa223ea000 	C:\WINDOWS\SYSTEM32\WINHTTP.dll
0x00007ffa33740000 - 0x00007ffa337aa000 	C:\WINDOWS\system32\mswsock.dll
0x00007ffa2d4c0000 - 0x00007ffa2d4d5000 	C:\Program Files\BellSoft\LibericaJDK-17\bin\nio.dll
0x00007ffa21510000 - 0x00007ffa2152a000 	C:\Program Files\JetBrains\IntelliJ IDEA 2022.3.3\bin\breakgen64.dll
0x00007ffa2dc80000 - 0x00007ffa2dc90000 	C:\Program Files\BellSoft\LibericaJDK-17\bin\verify.dll

dbghelp: loaded successfully - version: 4.0.5 - missing functions: none
symbol engine: initialized successfully - sym options: 0x614 - pdb path: .;C:\Program Files\BellSoft\LibericaJDK-17\bin;C:\WINDOWS\SYSTEM32;C:\Program Files\Avast Software\Avast;C:\WINDOWS\WinSxS\amd64_microsoft.windows.common-controls_6595b64144ccf1df_6.0.19041.1110_none_60b5254171f9507e;C:\Program Files\BellSoft\LibericaJDK-17\bin\server;C:\Program Files\JetBrains\IntelliJ IDEA 2022.3.3\bin

VM Arguments:
jvm_args: -ea -Didea.test.cyclic.buffer.size=1048576 -javaagent:C:\Program Files\JetBrains\IntelliJ IDEA 2022.3.3\lib\idea_rt.jar=61154:C:\Program Files\JetBrains\IntelliJ IDEA 2022.3.3\bin -Dfile.encoding=UTF-8 
java_command: com.intellij.rt.junit.JUnitStarter -ideVersion5 -junit4 UserServiceTest
java_class_path (initial): C:\Program Files\JetBrains\IntelliJ IDEA 2022.3.3\lib\idea_rt.jar;C:\Program Files\JetBrains\IntelliJ IDEA 2022.3.3\plugins\junit\lib\junit5-rt.jar;C:\Program Files\JetBrains\IntelliJ IDEA 2022.3.3\plugins\junit\lib\junit-rt.jar;C:\Users\Admin\IdeaProjects\Task-1\target\test-classes;C:\Users\Admin\IdeaProjects\Task-1\target\classes;C:\Users\Admin\.m2\repository\junit\junit\4.13.2\junit-4.13.2.jar;C:\Users\Admin\.m2\repository\org\hamcrest\hamcrest-core\1.3\hamcrest-core-1.3.jar;C:\Users\Admin\.m2\repository\org\postgresql\postgresql\42.6.0\postgresql-42.6.0.jar;C:\Users\Admin\.m2\repository\org\checkerframework\checker-qual\3.31.0\checker-qual-3.31.0.jar;C:\Users\Admin\.m2\repository\org\hibernate\javax\persistence\hibernate-jpa-2.1-api\1.0.2.Final\hibernate-jpa-2.1-api-1.0.2.Final.jar;C:\Users\Admin\.m2\repository\org\hibernate\hibernate-core\5.6.3.Final\hibernate-core-5.6.3.Final.jar;C:\Users\Admin\.m2\repository\org\jboss\logging\jboss-logging\3.4.2.Final\jboss-logging-3.4.2.Final.jar;C:\Users\Admin\.m2\repository\javax\persistence\javax.persistence-api\2.2\javax.persistence-api-2.2.jar;C:\Users\Admin\.m2\repository\net\bytebuddy\byte-buddy\1.11.20\byte-buddy-1.11.20.jar;C:\Users\Admin\.m2\repository\antlr\antlr\2.7.7\antlr-2.7.7.jar;C:\Users\Admin\.m2\repository\org\jboss\spec\javax\transaction\jboss-transaction-api_1.2_spec\1.1.1.Final\jboss-transaction-api_1.2_spec-1.1.1.Final.jar;C:\Users\Admin\.m2\repository\org\jboss\jandex\2.2.3.Final\jandex-2.2.3.Final.jar;C:\Users\Admin\.m2\repository\com\fasterxml\classmate\1.5.1\classmate-1.5.1.jar;C:\Users\Admin\.m2\repository\javax\activation\javax.activation-api\1.2.0\javax.activation-api-1.2.0.jar;C:\Users\Admin\.m2\repository\org\hibernate\common\hibernate-commons-annotations\5.1.2.Final\hibernate-commons-annotations-5.1.2.Final.jar;C:\Users\Admin\.m2\repository\javax\xml\bind\jaxb-api\2.3.1\jaxb-api-2.3.1.jar;C:\Users\Admin\.m2\repository\org\glassfish\jaxb\jaxb-runtime\2.3.1\jaxb-run
Launcher Type: SUN_STANDARD

[Global flags]
     intx CICompilerCount                          = 2                                         {product} {ergonomic}
     uint ConcGCThreads                            = 1                                         {product} {ergonomic}
     uint G1ConcRefinementThreads                  = 2                                         {product} {ergonomic}
   size_t G1HeapRegionSize                         = 1048576                                   {product} {ergonomic}
    uintx GCDrainStackTargetSize                   = 64                                        {product} {ergonomic}
   size_t InitialHeapSize                          = 132120576                                 {product} {ergonomic}
   size_t MarkStackSize                            = 4194304                                   {product} {ergonomic}
   size_t MaxHeapSize                              = 2101346304                                {product} {ergonomic}
   size_t MaxNewSize                               = 1260388352                                {product} {ergonomic}
   size_t MinHeapDeltaBytes                        = 1048576                                   {product} {ergonomic}
   size_t MinHeapSize                              = 8388608                                   {product} {ergonomic}
    uintx NonNMethodCodeHeapSize                   = 5826188                                {pd product} {ergonomic}
    uintx NonProfiledCodeHeapSize                  = 122916026                              {pd product} {ergonomic}
    uintx ProfiledCodeHeapSize                     = 122916026                              {pd product} {ergonomic}
    uintx ReservedCodeCacheSize                    = 251658240                              {pd product} {ergonomic}
     bool SegmentedCodeCache                       = true                                      {product} {ergonomic}
   size_t SoftMaxHeapSize                          = 2101346304                             {manageable} {ergonomic}
     bool UseCompressedClassPointers               = true                           {product lp64_product} {ergonomic}
     bool UseCompressedOops                        = true                           {product lp64_product} {ergonomic}
     bool UseG1GC                                  = true                                      {product} {ergonomic}
     bool UseLargePagesIndividualAllocation        = false                                  {pd product} {ergonomic}

Logging:
Log output configuration:
 #0: stdout all=warning uptime,level,tags
 #1: stderr all=off uptime,level,tags

Environment Variables:
JAVA_HOME=C:\Program Files\Java\jdk1.8.0_261\bin
PATH=C:\Program Files\BellSoft\LibericaJDK-17\bin\;C:\Program Files (x86)\Common Files\Oracle\Java\javapath;C:\WINDOWS\system32;C:\WINDOWS;C:\WINDOWS\System32\Wbem;C:\WINDOWS\System32\WindowsPowerShell\v1.0\;C:\WINDOWS\System32\OpenSSH\;C:\Program Files\Intel\TXE Components\DAL\;C:\Program Files (x86)\Intel\TXE Components\DAL\;C:\Recovery\OEM\Backup\;C:\Program Files\Git\cmd;C:\Program Files\Git\mingw64\bin;C:\Program Files\Git\usr\bin;C:\Program Files\Microsoft SQL Server\Client SDK\ODBC\170\Tools\Binn\;C:\Program Files (x86)\Microsoft SQL Server\150\Tools\Binn\;C:\Program Files\Microsoft SQL Server\150\Tools\Binn\;C:\Program Files\Microsoft SQL Server\150\DTS\Binn\;C:\Program Files (x86)\Microsoft SQL Server\150\DTS\Binn\;C:\WINDOWS\system32;C:\WINDOWS;C:\WINDOWS\System32\Wbem;C:\WINDOWS\System32\WindowsPowerShell\v1.0\;C:\WINDOWS\System32\OpenSSH\;C:\Users\Admin\AppData\Local\Programs\Python\Python39\Scripts\;C:\Users\Admin\AppData\Local\Programs\Python\Python39\;"C:\Users\Admin\AppData\Local\Microsoft\WindowsApps;C:\Program Files\Java\jdk1.8.0_261\bin";;C:\Users\Admin\AppData\Local\Programs\Microsoft VS Code\bin;C:\Users\Admin\AppData\Local\Microsoft\WindowsApps
USERNAME=Admin
OS=Windows_NT
PROCESSOR_IDENTIFIER=Intel64 Family 6 Model 122 Stepping 1, GenuineIntel
TMP=C:\Users\Admin\AppData\Local\Temp
TEMP=C:\Users\Admin\AppData\Local\Temp



---------------  S Y S T E M  ---------------

OS:
 Windows 10 , 64 bit Build 19041 (10.0.19041.2788)
OS uptime: 26 days 12:14 hours

CPU: total 2 (initial active 2) (2 cores per cpu, 1 threads per core) family 6 model 122 stepping 1 microcode 0x2e, cx8, cmov, fxsr, mmx, 3dnowpref, sse, sse2, sse3, ssse3, sse4.1, sse4.2, popcnt, tsc, tscinvbit, aes, erms, clmul, sha, clflush, clflushopt

Memory: 4k page, system-wide physical 8012M (843M free)
TotalPageFile size 32588M (AvailPageFile size 2M)
current process WorkingSet (physical memory assigned to process): 60M, peak: 60M
current process commit charge ("private bytes"): 210M, peak: 210M

vm_info: OpenJDK 64-Bit Server VM (17.0.6+10-LTS) for windows-amd64 JRE (17.0.6+10-LTS), built on Jan 12 2023 13:19:07 by "" with MS VC++ 15.9 (VS2017)

END.
