#
# There is insufficient memory for the Java Runtime Environment to continue.
# Native memory allocation (malloc) failed to allocate 1115152 bytes for Chunk::new
# Possible reasons:
#   The system is out of physical RAM or swap space
#   The process is running with CompressedOops enabled, and the Java Heap may be blocking the growth of the native heap
# Possible solutions:
#   Reduce memory load on the system
#   Increase physical memory or swap space
#   Check if swap backing store is full
#   Decrease Java heap size (-Xmx/-Xms)
#   Decrease number of Java threads
#   Decrease Java thread stack sizes (-Xss)
#   Set larger code cache with -XX:ReservedCodeCacheSize=
#   JVM is running with Unscaled Compressed Oops mode in which the Java heap is
#     placed in the first 4GB address space. The Java Heap base address is the
#     maximum limit for the native heap growth. Please use -XX:HeapBaseMinAddress
#     to set the Java Heap base and to place the Java Heap above 4GB virtual address.
# This output file may be truncated or incomplete.
#
#  Out of Memory Error (arena.cpp:189), pid=14724, tid=18932
#
# JRE version: OpenJDK Runtime Environment (17.0.6+10) (build 17.0.6+10-LTS)
# Java VM: OpenJDK 64-Bit Server VM (17.0.6+10-LTS, mixed mode, sharing, tiered, compressed oops, compressed class ptrs, g1 gc, windows-amd64)
# No core dump will be written. Minidumps are not enabled by default on client versions of Windows
#

---------------  S U M M A R Y ------------

Command Line: -ea -Didea.test.cyclic.buffer.size=1048576 -javaagent:C:\Program Files\JetBrains\IntelliJ IDEA 2022.3.3\lib\idea_rt.jar=61162:C:\Program Files\JetBrains\IntelliJ IDEA 2022.3.3\bin -Dfile.encoding=UTF-8 com.intellij.rt.junit.JUnitStarter -ideVersion5 -junit4 UserServiceTest

Host: Intel(R) Celeron(R) N4000 CPU @ 1.10GHz, 2 cores, 7G,  Windows 10 , 64 bit Build 19041 (10.0.19041.2788)
Time: Thu May 18 13:30:02 2023 RTZ 2 (s 10 , 64 bit Build 19041 (10.0.19041.2788) elapsed time: 4.098441 seconds (0d 0h 0m 4s)

---------------  T H R E A D  ---------------

Current thread (0x00000260fe607c70):  JavaThread "C2 CompilerThread0" daemon [_thread_in_native, id=18932, stack(0x0000006848000000,0x0000006848100000)]


Current CompileTask:
C2:   4098 1142       4       jdk.internal.org.objectweb.asm.Frame::execute (2305 bytes)

Stack: [0x0000006848000000,0x0000006848100000]
Native frames: (J=compiled Java code, j=interpreted, Vv=VM code, C=native code)
V  [jvm.dll+0x64af5a]
V  [jvm.dll+0x7fea64]
V  [jvm.dll+0x80021e]
V  [jvm.dll+0x800873]
V  [jvm.dll+0x235648]
V  [jvm.dll+0xbccac]
V  [jvm.dll+0xbd28c]
V  [jvm.dll+0x34efa7]
V  [jvm.dll+0x1b02a2]
V  [jvm.dll+0x209b8f]
V  [jvm.dll+0x209037]
V  [jvm.dll+0x198ffd]
V  [jvm.dll+0x2183dd]
V  [jvm.dll+0x216624]
V  [jvm.dll+0x7b729b]
V  [jvm.dll+0x7b184a]
V  [jvm.dll+0x649e25]
C  [ucrtbase.dll+0x21bb2]
C  [KERNEL32.DLL+0x17604]
C  [ntdll.dll+0x526a1]


---------------  P R O C E S S  ---------------

Threads class SMR info:
_java_thread_list=0x00000260ff0a6130, length=13, elements={
0x00000260f20a0780, 0x00000260fe5e8a40, 0x00000260fe5ea8c0, 0x00000260fe5fcc50,
0x00000260fe601720, 0x00000260fe604980, 0x00000260fe605330, 0x00000260fe607c70,
0x00000260fe60d2f0, 0x00000260fe622c60, 0x00000260fe5d09b0, 0x00000260ff1840f0,
0x00000260ff1845c0
}

Java Threads: ( => current thread )
  0x00000260f20a0780 JavaThread "main" [_thread_in_native, id=18708, stack(0x0000006847300000,0x0000006847400000)]
  0x00000260fe5e8a40 JavaThread "Reference Handler" daemon [_thread_blocked, id=13516, stack(0x0000006847a00000,0x0000006847b00000)]
  0x00000260fe5ea8c0 JavaThread "Finalizer" daemon [_thread_blocked, id=19304, stack(0x0000006847b00000,0x0000006847c00000)]
  0x00000260fe5fcc50 JavaThread "Signal Dispatcher" daemon [_thread_blocked, id=6980, stack(0x0000006847c00000,0x0000006847d00000)]
  0x00000260fe601720 JavaThread "Attach Listener" daemon [_thread_blocked, id=15296, stack(0x0000006847d00000,0x0000006847e00000)]
  0x00000260fe604980 JavaThread "Service Thread" daemon [_thread_blocked, id=5280, stack(0x0000006847e00000,0x0000006847f00000)]
  0x00000260fe605330 JavaThread "Monitor Deflation Thread" daemon [_thread_blocked, id=18768, stack(0x0000006847f00000,0x0000006848000000)]
=>0x00000260fe607c70 JavaThread "C2 CompilerThread0" daemon [_thread_in_native, id=18932, stack(0x0000006848000000,0x0000006848100000)]
  0x00000260fe60d2f0 JavaThread "C1 CompilerThread0" daemon [_thread_blocked, id=13272, stack(0x0000006848100000,0x0000006848200000)]
  0x00000260fe622c60 JavaThread "Sweeper thread" daemon [_thread_blocked, id=3464, stack(0x0000006848200000,0x0000006848300000)]
  0x00000260fe5d09b0 JavaThread "Common-Cleaner" daemon [_thread_blocked, id=17384, stack(0x0000006848300000,0x0000006848400000)]
  0x00000260ff1840f0 JavaThread "Monitor Ctrl-Break" daemon [_thread_in_native, id=13796, stack(0x0000006848400000,0x0000006848500000)]
  0x00000260ff1845c0 JavaThread "Notification Thread" daemon [_thread_blocked, id=17428, stack(0x0000006848500000,0x0000006848600000)]

Other Threads:
  0x00000260fe5e09f0 VMThread "VM Thread" [stack: 0x0000006847900000,0x0000006847a00000] [id=14408]
  0x00000260ff1a7bc0 WatcherThread [stack: 0x0000006848600000,0x0000006848700000] [id=7584]
  0x00000260f20f9310 GCTaskThread "GC Thread#0" [stack: 0x0000006847400000,0x0000006847500000] [id=16220]
  0x00000260ff3e87f0 GCTaskThread "GC Thread#1" [stack: 0x0000006848700000,0x0000006848800000] [id=5692]
  0x00000260f2109cd0 ConcurrentGCThread "G1 Main Marker" [stack: 0x0000006847500000,0x0000006847600000] [id=17788]
  0x00000260f210a6e0 ConcurrentGCThread "G1 Conc#0" [stack: 0x0000006847600000,0x0000006847700000] [id=9104]
  0x00000260f21655f0 ConcurrentGCThread "G1 Refine#0" [stack: 0x0000006847700000,0x0000006847800000] [id=10492]
  0x00000260fe4a01f0 ConcurrentGCThread "G1 Service" [stack: 0x0000006847800000,0x0000006847900000] [id=16380]

Threads with active compile tasks:
C2 CompilerThread0     4158 1142       4       jdk.internal.org.objectweb.asm.Frame::execute (2305 bytes)

VM state: not at safepoint (normal execution)

VM Mutex/Monitor currently owned by a thread: None

Heap address: 0x0000000082c00000, size: 2004 MB, Compressed Oops mode: 32-bit

CDS archive(s) mapped at: [0x0000000800000000-0x0000000800bc0000-0x0000000800bc0000), size 12320768, SharedBaseAddress: 0x0000000800000000, ArchiveRelocationMode: 0.
Compressed class space mapped at: 0x0000000800c00000-0x0000000840c00000, reserved size: 1073741824
Narrow klass base: 0x0000000800000000, Narrow klass shift: 0, Narrow klass range: 0x100000000

GC Precious Log:
 CPUs: 2 total, 2 available
 Memory: 8012M
 Large Page Support: Disabled
 NUMA Support: Disabled
 Compressed Oops: Enabled (32-bit)
 Heap Region Size: 1M
 Heap Min Capacity: 8M
 Heap Initial Capacity: 126M
 Heap Max Capacity: 2004M
 Pre-touch: Disabled
 Parallel Workers: 2
 Concurrent Workers: 1
 Concurrent Refinement Workers: 2
 Periodic GC: Disabled

Heap:
 garbage-first heap   total 129024K, used 14142K [0x0000000082c00000, 0x0000000100000000)
  region size 1024K, 12 young (12288K), 2 survivors (2048K)
 Metaspace       used 9817K, committed 9984K, reserved 1064960K
  class space    used 1339K, committed 1408K, reserved 1048576K

Heap Regions: E=young(eden), S=young(survivor), O=old, HS=humongous(starts), HC=humongous(continues), CS=collection set, F=free, OA=open archive, CA=closed archive, TAMS=top-at-mark-start (previous, next)
|   0|0x0000000082c00000, 0x0000000082d00000, 0x0000000082d00000|100%|HS|  |TAMS 0x0000000082c00000, 0x0000000082c00000| Complete 
|   1|0x0000000082d00000, 0x0000000082e00000, 0x0000000082e00000|100%| O|  |TAMS 0x0000000082d00000, 0x0000000082d00000| Untracked 
|   2|0x0000000082e00000, 0x0000000082f00000, 0x0000000082f00000|100%| O|  |TAMS 0x0000000082e00000, 0x0000000082e00000| Untracked 
|   3|0x0000000082f00000, 0x0000000082f15200, 0x0000000083000000|  8%| O|  |TAMS 0x0000000082f00000, 0x0000000082f00000| Untracked 
|   4|0x0000000083000000, 0x0000000083000000, 0x0000000083100000|  0%| F|  |TAMS 0x0000000083000000, 0x0000000083000000| Untracked 
|   5|0x0000000083100000, 0x0000000083100000, 0x0000000083200000|  0%| F|  |TAMS 0x0000000083100000, 0x0000000083100000| Untracked 
|   6|0x0000000083200000, 0x0000000083200000, 0x0000000083300000|  0%| F|  |TAMS 0x0000000083200000, 0x0000000083200000| Untracked 
|   7|0x0000000083300000, 0x0000000083300000, 0x0000000083400000|  0%| F|  |TAMS 0x0000000083300000, 0x0000000083300000| Untracked 
|   8|0x0000000083400000, 0x0000000083400000, 0x0000000083500000|  0%| F|  |TAMS 0x0000000083400000, 0x0000000083400000| Untracked 
|   9|0x0000000083500000, 0x0000000083500000, 0x0000000083600000|  0%| F|  |TAMS 0x0000000083500000, 0x0000000083500000| Untracked 
|  10|0x0000000083600000, 0x0000000083600000, 0x0000000083700000|  0%| F|  |TAMS 0x0000000083600000, 0x0000000083600000| Untracked 
|  11|0x0000000083700000, 0x0000000083700000, 0x0000000083800000|  0%| F|  |TAMS 0x0000000083700000, 0x0000000083700000| Untracked 
|  12|0x0000000083800000, 0x0000000083800000, 0x0000000083900000|  0%| F|  |TAMS 0x0000000083800000, 0x0000000083800000| Untracked 
|  13|0x0000000083900000, 0x0000000083900000, 0x0000000083a00000|  0%| F|  |TAMS 0x0000000083900000, 0x0000000083900000| Untracked 
|  14|0x0000000083a00000, 0x0000000083a00000, 0x0000000083b00000|  0%| F|  |TAMS 0x0000000083a00000, 0x0000000083a00000| Untracked 
|  15|0x0000000083b00000, 0x0000000083b00000, 0x0000000083c00000|  0%| F|  |TAMS 0x0000000083b00000, 0x0000000083b00000| Untracked 
|  16|0x0000000083c00000, 0x0000000083c00000, 0x0000000083d00000|  0%| F|  |TAMS 0x0000000083c00000, 0x0000000083c00000| Untracked 
|  17|0x0000000083d00000, 0x0000000083d00000, 0x0000000083e00000|  0%| F|  |TAMS 0x0000000083d00000, 0x0000000083d00000| Untracked 
|  18|0x0000000083e00000, 0x0000000083e00000, 0x0000000083f00000|  0%| F|  |TAMS 0x0000000083e00000, 0x0000000083e00000| Untracked 
|  19|0x0000000083f00000, 0x0000000083f00000, 0x0000000084000000|  0%| F|  |TAMS 0x0000000083f00000, 0x0000000083f00000| Untracked 
|  20|0x0000000084000000, 0x0000000084000000, 0x0000000084100000|  0%| F|  |TAMS 0x0000000084000000, 0x0000000084000000| Untracked 
|  21|0x0000000084100000, 0x0000000084100000, 0x0000000084200000|  0%| F|  |TAMS 0x0000000084100000, 0x0000000084100000| Untracked 
|  22|0x0000000084200000, 0x0000000084200000, 0x0000000084300000|  0%| F|  |TAMS 0x0000000084200000, 0x0000000084200000| Untracked 
|  23|0x0000000084300000, 0x0000000084300000, 0x0000000084400000|  0%| F|  |TAMS 0x0000000084300000, 0x0000000084300000| Untracked 
|  24|0x0000000084400000, 0x0000000084400000, 0x0000000084500000|  0%| F|  |TAMS 0x0000000084400000, 0x0000000084400000| Untracked 
|  25|0x0000000084500000, 0x0000000084500000, 0x0000000084600000|  0%| F|  |TAMS 0x0000000084500000, 0x0000000084500000| Untracked 
|  26|0x0000000084600000, 0x0000000084600000, 0x0000000084700000|  0%| F|  |TAMS 0x0000000084600000, 0x0000000084600000| Untracked 
|  27|0x0000000084700000, 0x0000000084700000, 0x0000000084800000|  0%| F|  |TAMS 0x0000000084700000, 0x0000000084700000| Untracked 
|  28|0x0000000084800000, 0x0000000084800000, 0x0000000084900000|  0%| F|  |TAMS 0x0000000084800000, 0x0000000084800000| Untracked 
|  29|0x0000000084900000, 0x0000000084900000, 0x0000000084a00000|  0%| F|  |TAMS 0x0000000084900000, 0x0000000084900000| Untracked 
|  30|0x0000000084a00000, 0x0000000084a00000, 0x0000000084b00000|  0%| F|  |TAMS 0x0000000084a00000, 0x0000000084a00000| Untracked 
|  31|0x0000000084b00000, 0x0000000084b00000, 0x0000000084c00000|  0%| F|  |TAMS 0x0000000084b00000, 0x0000000084b00000| Untracked 
|  32|0x0000000084c00000, 0x0000000084c00000, 0x0000000084d00000|  0%| F|  |TAMS 0x0000000084c00000, 0x0000000084c00000| Untracked 
|  33|0x0000000084d00000, 0x0000000084d00000, 0x0000000084e00000|  0%| F|  |TAMS 0x0000000084d00000, 0x0000000084d00000| Untracked 
|  34|0x0000000084e00000, 0x0000000084e00000, 0x0000000084f00000|  0%| F|  |TAMS 0x0000000084e00000, 0x0000000084e00000| Untracked 
|  35|0x0000000084f00000, 0x0000000084f00000, 0x0000000085000000|  0%| F|  |TAMS 0x0000000084f00000, 0x0000000084f00000| Untracked 
|  36|0x0000000085000000, 0x0000000085000000, 0x0000000085100000|  0%| F|  |TAMS 0x0000000085000000, 0x0000000085000000| Untracked 
|  37|0x0000000085100000, 0x0000000085100000, 0x0000000085200000|  0%| F|  |TAMS 0x0000000085100000, 0x0000000085100000| Untracked 
|  38|0x0000000085200000, 0x0000000085200000, 0x0000000085300000|  0%| F|  |TAMS 0x0000000085200000, 0x0000000085200000| Untracked 
|  39|0x0000000085300000, 0x0000000085300000, 0x0000000085400000|  0%| F|  |TAMS 0x0000000085300000, 0x0000000085300000| Untracked 
|  40|0x0000000085400000, 0x0000000085400000, 0x0000000085500000|  0%| F|  |TAMS 0x0000000085400000, 0x0000000085400000| Untracked 
|  41|0x0000000085500000, 0x0000000085500000, 0x0000000085600000|  0%| F|  |TAMS 0x0000000085500000, 0x0000000085500000| Untracked 
|  42|0x0000000085600000, 0x0000000085600000, 0x0000000085700000|  0%| F|  |TAMS 0x0000000085600000, 0x0000000085600000| Untracked 
|  43|0x0000000085700000, 0x0000000085700000, 0x0000000085800000|  0%| F|  |TAMS 0x0000000085700000, 0x0000000085700000| Untracked 
|  44|0x0000000085800000, 0x0000000085800000, 0x0000000085900000|  0%| F|  |TAMS 0x0000000085800000, 0x0000000085800000| Untracked 
|  45|0x0000000085900000, 0x0000000085900000, 0x0000000085a00000|  0%| F|  |TAMS 0x0000000085900000, 0x0000000085900000| Untracked 
|  46|0x0000000085a00000, 0x0000000085a00000, 0x0000000085b00000|  0%| F|  |TAMS 0x0000000085a00000, 0x0000000085a00000| Untracked 
|  47|0x0000000085b00000, 0x0000000085b00000, 0x0000000085c00000|  0%| F|  |TAMS 0x0000000085b00000, 0x0000000085b00000| Untracked 
|  48|0x0000000085c00000, 0x0000000085c00000, 0x0000000085d00000|  0%| F|  |TAMS 0x0000000085c00000, 0x0000000085c00000| Untracked 
|  49|0x0000000085d00000, 0x0000000085d00000, 0x0000000085e00000|  0%| F|  |TAMS 0x0000000085d00000, 0x0000000085d00000| Untracked 
|  50|0x0000000085e00000, 0x0000000085e00000, 0x0000000085f00000|  0%| F|  |TAMS 0x0000000085e00000, 0x0000000085e00000| Untracked 
|  51|0x0000000085f00000, 0x0000000085f00000, 0x0000000086000000|  0%| F|  |TAMS 0x0000000085f00000, 0x0000000085f00000| Untracked 
|  52|0x0000000086000000, 0x0000000086000000, 0x0000000086100000|  0%| F|  |TAMS 0x0000000086000000, 0x0000000086000000| Untracked 
|  53|0x0000000086100000, 0x0000000086100000, 0x0000000086200000|  0%| F|  |TAMS 0x0000000086100000, 0x0000000086100000| Untracked 
|  54|0x0000000086200000, 0x0000000086200000, 0x0000000086300000|  0%| F|  |TAMS 0x0000000086200000, 0x0000000086200000| Untracked 
|  55|0x0000000086300000, 0x0000000086300000, 0x0000000086400000|  0%| F|  |TAMS 0x0000000086300000, 0x0000000086300000| Untracked 
|  56|0x0000000086400000, 0x0000000086400000, 0x0000000086500000|  0%| F|  |TAMS 0x0000000086400000, 0x0000000086400000| Untracked 
|  57|0x0000000086500000, 0x0000000086500000, 0x0000000086600000|  0%| F|  |TAMS 0x0000000086500000, 0x0000000086500000| Untracked 
|  58|0x0000000086600000, 0x0000000086600000, 0x0000000086700000|  0%| F|  |TAMS 0x0000000086600000, 0x0000000086600000| Untracked 
|  59|0x0000000086700000, 0x0000000086700000, 0x0000000086800000|  0%| F|  |TAMS 0x0000000086700000, 0x0000000086700000| Untracked 
|  60|0x0000000086800000, 0x0000000086800000, 0x0000000086900000|  0%| F|  |TAMS 0x0000000086800000, 0x0000000086800000| Untracked 
|  61|0x0000000086900000, 0x0000000086900000, 0x0000000086a00000|  0%| F|  |TAMS 0x0000000086900000, 0x0000000086900000| Untracked 
|  62|0x0000000086a00000, 0x0000000086a00000, 0x0000000086b00000|  0%| F|  |TAMS 0x0000000086a00000, 0x0000000086a00000| Untracked 
|  63|0x0000000086b00000, 0x0000000086b00000, 0x0000000086c00000|  0%| F|  |TAMS 0x0000000086b00000, 0x0000000086b00000| Untracked 
|  64|0x0000000086c00000, 0x0000000086c00000, 0x0000000086d00000|  0%| F|  |TAMS 0x0000000086c00000, 0x0000000086c00000| Untracked 
|  65|0x0000000086d00000, 0x0000000086d00000, 0x0000000086e00000|  0%| F|  |TAMS 0x0000000086d00000, 0x0000000086d00000| Untracked 
|  66|0x0000000086e00000, 0x0000000086e00000, 0x0000000086f00000|  0%| F|  |TAMS 0x0000000086e00000, 0x0000000086e00000| Untracked 
|  67|0x0000000086f00000, 0x0000000086f00000, 0x0000000087000000|  0%| F|  |TAMS 0x0000000086f00000, 0x0000000086f00000| Untracked 
|  68|0x0000000087000000, 0x0000000087000000, 0x0000000087100000|  0%| F|  |TAMS 0x0000000087000000, 0x0000000087000000| Untracked 
|  69|0x0000000087100000, 0x0000000087100000, 0x0000000087200000|  0%| F|  |TAMS 0x0000000087100000, 0x0000000087100000| Untracked 
|  70|0x0000000087200000, 0x0000000087200000, 0x0000000087300000|  0%| F|  |TAMS 0x0000000087200000, 0x0000000087200000| Untracked 
|  71|0x0000000087300000, 0x0000000087300000, 0x0000000087400000|  0%| F|  |TAMS 0x0000000087300000, 0x0000000087300000| Untracked 
|  72|0x0000000087400000, 0x0000000087400000, 0x0000000087500000|  0%| F|  |TAMS 0x0000000087400000, 0x0000000087400000| Untracked 
|  73|0x0000000087500000, 0x0000000087500000, 0x0000000087600000|  0%| F|  |TAMS 0x0000000087500000, 0x0000000087500000| Untracked 
|  74|0x0000000087600000, 0x0000000087600000, 0x0000000087700000|  0%| F|  |TAMS 0x0000000087600000, 0x0000000087600000| Untracked 
|  75|0x0000000087700000, 0x0000000087700000, 0x0000000087800000|  0%| F|  |TAMS 0x0000000087700000, 0x0000000087700000| Untracked 
|  76|0x0000000087800000, 0x0000000087800000, 0x0000000087900000|  0%| F|  |TAMS 0x0000000087800000, 0x0000000087800000| Untracked 
|  77|0x0000000087900000, 0x0000000087900000, 0x0000000087a00000|  0%| F|  |TAMS 0x0000000087900000, 0x0000000087900000| Untracked 
|  78|0x0000000087a00000, 0x0000000087a00000, 0x0000000087b00000|  0%| F|  |TAMS 0x0000000087a00000, 0x0000000087a00000| Untracked 
|  79|0x0000000087b00000, 0x0000000087b00000, 0x0000000087c00000|  0%| F|  |TAMS 0x0000000087b00000, 0x0000000087b00000| Untracked 
|  80|0x0000000087c00000, 0x0000000087c00000, 0x0000000087d00000|  0%| F|  |TAMS 0x0000000087c00000, 0x0000000087c00000| Untracked 
|  81|0x0000000087d00000, 0x0000000087d00000, 0x0000000087e00000|  0%| F|  |TAMS 0x0000000087d00000, 0x0000000087d00000| Untracked 
|  82|0x0000000087e00000, 0x0000000087e00000, 0x0000000087f00000|  0%| F|  |TAMS 0x0000000087e00000, 0x0000000087e00000| Untracked 
|  83|0x0000000087f00000, 0x0000000087f00000, 0x0000000088000000|  0%| F|  |TAMS 0x0000000087f00000, 0x0000000087f00000| Untracked 
|  84|0x0000000088000000, 0x0000000088000000, 0x0000000088100000|  0%| F|  |TAMS 0x0000000088000000, 0x0000000088000000| Untracked 
|  85|0x0000000088100000, 0x0000000088100000, 0x0000000088200000|  0%| F|  |TAMS 0x0000000088100000, 0x0000000088100000| Untracked 
|  86|0x0000000088200000, 0x0000000088200000, 0x0000000088300000|  0%| F|  |TAMS 0x0000000088200000, 0x0000000088200000| Untracked 
|  87|0x0000000088300000, 0x0000000088300000, 0x0000000088400000|  0%| F|  |TAMS 0x0000000088300000, 0x0000000088300000| Untracked 
|  88|0x0000000088400000, 0x0000000088400000, 0x0000000088500000|  0%| F|  |TAMS 0x0000000088400000, 0x0000000088400000| Untracked 
|  89|0x0000000088500000, 0x0000000088500000, 0x0000000088600000|  0%| F|  |TAMS 0x0000000088500000, 0x0000000088500000| Untracked 
|  90|0x0000000088600000, 0x0000000088600000, 0x0000000088700000|  0%| F|  |TAMS 0x0000000088600000, 0x0000000088600000| Untracked 
|  91|0x0000000088700000, 0x0000000088700000, 0x0000000088800000|  0%| F|  |TAMS 0x0000000088700000, 0x0000000088700000| Untracked 
|  92|0x0000000088800000, 0x0000000088800000, 0x0000000088900000|  0%| F|  |TAMS 0x0000000088800000, 0x0000000088800000| Untracked 
|  93|0x0000000088900000, 0x0000000088900000, 0x0000000088a00000|  0%| F|  |TAMS 0x0000000088900000, 0x0000000088900000| Untracked 
|  94|0x0000000088a00000, 0x0000000088a00000, 0x0000000088b00000|  0%| F|  |TAMS 0x0000000088a00000, 0x0000000088a00000| Untracked 
|  95|0x0000000088b00000, 0x0000000088b00000, 0x0000000088c00000|  0%| F|  |TAMS 0x0000000088b00000, 0x0000000088b00000| Untracked 
|  96|0x0000000088c00000, 0x0000000088c00000, 0x0000000088d00000|  0%| F|  |TAMS 0x0000000088c00000, 0x0000000088c00000| Untracked 
|  97|0x0000000088d00000, 0x0000000088d00000, 0x0000000088e00000|  0%| F|  |TAMS 0x0000000088d00000, 0x0000000088d00000| Untracked 
|  98|0x0000000088e00000, 0x0000000088e00000, 0x0000000088f00000|  0%| F|  |TAMS 0x0000000088e00000, 0x0000000088e00000| Untracked 
|  99|0x0000000088f00000, 0x0000000088f00000, 0x0000000089000000|  0%| F|  |TAMS 0x0000000088f00000, 0x0000000088f00000| Untracked 
| 100|0x0000000089000000, 0x0000000089000000, 0x0000000089100000|  0%| F|  |TAMS 0x0000000089000000, 0x0000000089000000| Untracked 
| 101|0x0000000089100000, 0x0000000089100000, 0x0000000089200000|  0%| F|  |TAMS 0x0000000089100000, 0x0000000089100000| Untracked 
| 102|0x0000000089200000, 0x0000000089200000, 0x0000000089300000|  0%| F|  |TAMS 0x0000000089200000, 0x0000000089200000| Untracked 
| 103|0x0000000089300000, 0x0000000089300000, 0x0000000089400000|  0%| F|  |TAMS 0x0000000089300000, 0x0000000089300000| Untracked 
| 104|0x0000000089400000, 0x0000000089400000, 0x0000000089500000|  0%| F|  |TAMS 0x0000000089400000, 0x0000000089400000| Untracked 
| 105|0x0000000089500000, 0x0000000089500000, 0x0000000089600000|  0%| F|  |TAMS 0x0000000089500000, 0x0000000089500000| Untracked 
| 106|0x0000000089600000, 0x0000000089600000, 0x0000000089700000|  0%| F|  |TAMS 0x0000000089600000, 0x0000000089600000| Untracked 
| 107|0x0000000089700000, 0x0000000089700000, 0x0000000089800000|  0%| F|  |TAMS 0x0000000089700000, 0x0000000089700000| Untracked 
| 108|0x0000000089800000, 0x0000000089800000, 0x0000000089900000|  0%| F|  |TAMS 0x0000000089800000, 0x0000000089800000| Untracked 
| 109|0x0000000089900000, 0x0000000089900000, 0x0000000089a00000|  0%| F|  |TAMS 0x0000000089900000, 0x0000000089900000| Untracked 
| 110|0x0000000089a00000, 0x0000000089a00000, 0x0000000089b00000|  0%| F|  |TAMS 0x0000000089a00000, 0x0000000089a00000| Untracked 
| 111|0x0000000089b00000, 0x0000000089b00000, 0x0000000089c00000|  0%| F|  |TAMS 0x0000000089b00000, 0x0000000089b00000| Untracked 
| 112|0x0000000089c00000, 0x0000000089c00000, 0x0000000089d00000|  0%| F|  |TAMS 0x0000000089c00000, 0x0000000089c00000| Untracked 
| 113|0x0000000089d00000, 0x0000000089d00000, 0x0000000089e00000|  0%| F|  |TAMS 0x0000000089d00000, 0x0000000089d00000| Untracked 
| 114|0x0000000089e00000, 0x0000000089eba930, 0x0000000089f00000| 72%| S|CS|TAMS 0x0000000089e00000, 0x0000000089e00000| Complete 
| 115|0x0000000089f00000, 0x000000008a000000, 0x000000008a000000|100%| S|CS|TAMS 0x0000000089f00000, 0x0000000089f00000| Complete 
| 116|0x000000008a000000, 0x000000008a0df588, 0x000000008a100000| 87%| E|  |TAMS 0x000000008a000000, 0x000000008a000000| Complete 
| 117|0x000000008a100000, 0x000000008a200000, 0x000000008a200000|100%| E|CS|TAMS 0x000000008a100000, 0x000000008a100000| Complete 
| 118|0x000000008a200000, 0x000000008a300000, 0x000000008a300000|100%| E|CS|TAMS 0x000000008a200000, 0x000000008a200000| Complete 
| 119|0x000000008a300000, 0x000000008a400000, 0x000000008a400000|100%| E|CS|TAMS 0x000000008a300000, 0x000000008a300000| Complete 
| 120|0x000000008a400000, 0x000000008a500000, 0x000000008a500000|100%| E|CS|TAMS 0x000000008a400000, 0x000000008a400000| Complete 
| 121|0x000000008a500000, 0x000000008a600000, 0x000000008a600000|100%| E|CS|TAMS 0x000000008a500000, 0x000000008a500000| Complete 
| 122|0x000000008a600000, 0x000000008a700000, 0x000000008a700000|100%| E|CS|TAMS 0x000000008a600000, 0x000000008a600000| Complete 
| 123|0x000000008a700000, 0x000000008a800000, 0x000000008a800000|100%| E|CS|TAMS 0x000000008a700000, 0x000000008a700000| Complete 
| 124|0x000000008a800000, 0x000000008a900000, 0x000000008a900000|100%| E|CS|TAMS 0x000000008a800000, 0x000000008a800000| Complete 
| 125|0x000000008a900000, 0x000000008aa00000, 0x000000008aa00000|100%| E|CS|TAMS 0x000000008a900000, 0x000000008a900000| Complete 

Card table byte_map: [0x00000260f9ba0000,0x00000260f9f90000] _byte_map_base: 0x00000260f978a000

Marking Bits (Prev, Next): (CMBitMap*) 0x00000260f20f9920, (CMBitMap*) 0x00000260f20f9960
 Prev Bits: [0x00000260fa380000, 0x00000260fc2d0000)
 Next Bits: [0x00000260fc2d0000, 0x00000260fe220000)

Polling page: 0x00000260eff10000

Metaspace:

Usage:
  Non-class:      8.28 MB used.
      Class:      1.31 MB used.
       Both:      9.59 MB used.

Virtual space:
  Non-class space:       16.00 MB reserved,       8.38 MB ( 52%) committed,  2 nodes.
      Class space:        1.00 GB reserved,       1.38 MB ( <1%) committed,  1 nodes.
             Both:        1.02 GB reserved,       9.75 MB ( <1%) committed. 

Chunk freelists:
   Non-Class:  2.86 MB
       Class:  2.56 MB
        Both:  5.42 MB

MaxMetaspaceSize: unlimited
CompressedClassSpaceSize: 1.00 GB
Initial GC threshold: 21.00 MB
Current GC threshold: 21.00 MB
CDS: on
MetaspaceReclaimPolicy: balanced
 - commit_granule_bytes: 65536.
 - commit_granule_words: 8192.
 - virtual_space_node_default_size: 1048576.
 - enlarge_chunks_in_place: 1.
 - new_chunks_are_fully_committed: 0.
 - uncommit_free_chunks: 1.
 - use_allocation_guard: 0.
 - handle_deallocations: 1.


Internal statistics:

num_allocs_failed_limit: 0.
num_arena_births: 118.
num_arena_deaths: 0.
num_vsnodes_births: 3.
num_vsnodes_deaths: 0.
num_space_committed: 156.
num_space_uncommitted: 0.
num_chunks_returned_to_freelist: 0.
num_chunks_taken_from_freelist: 407.
num_chunk_merges: 0.
num_chunk_splits: 281.
num_chunks_enlarged: 206.
num_purges: 0.
num_inconsistent_stats: 0.

CodeHeap 'non-profiled nmethods': size=120064Kb used=454Kb max_used=454Kb free=119609Kb
 bounds [0x0000026087ac0000, 0x0000026087d30000, 0x000002608f000000]
CodeHeap 'profiled nmethods': size=120000Kb used=2068Kb max_used=2068Kb free=117931Kb
 bounds [0x0000026080000000, 0x0000026080270000, 0x0000026087530000]
CodeHeap 'non-nmethods': size=5696Kb used=1154Kb max_used=1171Kb free=4541Kb
 bounds [0x0000026087530000, 0x00000260877a0000, 0x0000026087ac0000]
 total_blobs=1631 nmethods=1182 adapters=363
 compilation: enabled
              stopped_count=0, restarted_count=0
 full_count=0

Compilation events (20 events):
Event: 3.600 Thread 0x00000260fe60d2f0 1169       3       java.util.HashMap::remove (26 bytes)
Event: 3.601 Thread 0x00000260fe60d2f0 nmethod 1169 0x00000260801fcc10 code [0x00000260801fcde0, 0x00000260801fd158]
Event: 3.601 Thread 0x00000260fe60d2f0 1170       3       java.util.HashSet::remove (20 bytes)
Event: 3.601 Thread 0x00000260fe60d2f0 nmethod 1170 0x00000260801fd290 code [0x00000260801fd440, 0x00000260801fd668]
Event: 3.602 Thread 0x00000260fe60d2f0 1171       3       java.util.stream.StreamSupport::stream (19 bytes)
Event: 3.602 Thread 0x00000260fe60d2f0 nmethod 1171 0x00000260801fd710 code [0x00000260801fd8e0, 0x00000260801fdd08]
Event: 3.603 Thread 0x00000260fe60d2f0 1172       3       java.util.stream.ReferencePipeline$StatelessOp::<init> (29 bytes)
Event: 3.603 Thread 0x00000260fe60d2f0 nmethod 1172 0x00000260801fdf10 code [0x00000260801fe0c0, 0x00000260801fe288]
Event: 3.603 Thread 0x00000260fe60d2f0 1173       3       java.util.stream.Sink$ChainedReference::<init> (16 bytes)
Event: 3.603 Thread 0x00000260fe60d2f0 nmethod 1173 0x00000260801fe390 code [0x00000260801fe560, 0x00000260801fe9a8]
Event: 3.603 Thread 0x00000260fe60d2f0 1174       3       java.util.stream.Sink$ChainedReference::end (10 bytes)
Event: 3.604 Thread 0x00000260fe60d2f0 nmethod 1174 0x00000260801feb10 code [0x00000260801fecc0, 0x00000260801fee88]
Event: 3.604 Thread 0x00000260fe60d2f0 1175       1       java.util.ImmutableCollections$SetN::size (5 bytes)
Event: 3.604 Thread 0x00000260fe60d2f0 nmethod 1175 0x0000026087b31110 code [0x0000026087b312a0, 0x0000026087b31378]
Event: 3.608 Thread 0x00000260fe60d2f0 1176       3       java.lang.Integer::valueOf (32 bytes)
Event: 3.608 Thread 0x00000260fe60d2f0 nmethod 1176 0x00000260801fef90 code [0x00000260801ff140, 0x00000260801ff458]
Event: 3.905 Thread 0x00000260fe60d2f0 1178       3       java.lang.invoke.MethodHandleNatives::refKindHasReceiver (33 bytes)
Event: 3.905 Thread 0x00000260fe60d2f0 nmethod 1178 0x00000260801ff590 code [0x00000260801ff720, 0x00000260801ff878]
Event: 4.022 Thread 0x00000260fe60d2f0 1180       1       java.lang.reflect.Constructor::getDeclaringClass (5 bytes)
Event: 4.022 Thread 0x00000260fe60d2f0 nmethod 1180 0x0000026087b31710 code [0x0000026087b318a0, 0x0000026087b31978]

GC Heap History (6 events):
Event: 1.021 GC heap before
{Heap before GC invocations=0 (full 0):
 garbage-first heap   total 129024K, used 6144K [0x0000000082c00000, 0x0000000100000000)
  region size 1024K, 6 young (6144K), 0 survivors (0K)
 Metaspace       used 2350K, committed 2560K, reserved 1056768K
  class space    used 243K, committed 320K, reserved 1048576K
}
Event: 1.036 GC heap after
{Heap after GC invocations=1 (full 0):
 garbage-first heap   total 129024K, used 2926K [0x0000000082c00000, 0x0000000100000000)
  region size 1024K, 1 young (1024K), 1 survivors (1024K)
 Metaspace       used 2350K, committed 2560K, reserved 1056768K
  class space    used 243K, committed 320K, reserved 1048576K
}
Event: 1.522 GC heap before
{Heap before GC invocations=1 (full 0):
 garbage-first heap   total 129024K, used 7022K [0x0000000082c00000, 0x0000000100000000)
  region size 1024K, 6 young (6144K), 1 survivors (1024K)
 Metaspace       used 3774K, committed 3968K, reserved 1056768K
  class space    used 382K, committed 448K, reserved 1048576K
}
Event: 1.530 GC heap after
{Heap after GC invocations=2 (full 0):
 garbage-first heap   total 129024K, used 4180K [0x0000000082c00000, 0x0000000100000000)
  region size 1024K, 1 young (1024K), 1 survivors (1024K)
 Metaspace       used 3774K, committed 3968K, reserved 1056768K
  class space    used 382K, committed 448K, reserved 1048576K
}
Event: 2.480 GC heap before
{Heap before GC invocations=2 (full 0):
 garbage-first heap   total 129024K, used 13396K [0x0000000082c00000, 0x0000000100000000)
  region size 1024K, 10 young (10240K), 1 survivors (1024K)
 Metaspace       used 6041K, committed 6208K, reserved 1056768K
  class space    used 751K, committed 832K, reserved 1048576K
}
Event: 2.486 GC heap after
{Heap after GC invocations=3 (full 0):
 garbage-first heap   total 129024K, used 4926K [0x0000000082c00000, 0x0000000100000000)
  region size 1024K, 2 young (2048K), 2 survivors (2048K)
 Metaspace       used 6041K, committed 6208K, reserved 1056768K
  class space    used 751K, committed 832K, reserved 1048576K
}

Dll operation events (10 events):
Event: 0.020 Loaded shared library C:\Program Files\BellSoft\LibericaJDK-17\bin\java.dll
Event: 0.045 Loaded shared library C:\Program Files\BellSoft\LibericaJDK-17\bin\jsvml.dll
Event: 0.298 Loaded shared library C:\Program Files\BellSoft\LibericaJDK-17\bin\zip.dll
Event: 0.309 Loaded shared library C:\Program Files\BellSoft\LibericaJDK-17\bin\instrument.dll
Event: 0.329 Loaded shared library C:\Program Files\BellSoft\LibericaJDK-17\bin\net.dll
Event: 0.334 Loaded shared library C:\Program Files\BellSoft\LibericaJDK-17\bin\nio.dll
Event: 0.347 Loaded shared library C:\Program Files\BellSoft\LibericaJDK-17\bin\zip.dll
Event: 0.357 Loaded shared library C:\Program Files\JetBrains\IntelliJ IDEA 2022.3.3\bin\breakgen64.dll
Event: 0.392 Loaded shared library C:\Program Files\BellSoft\LibericaJDK-17\bin\verify.dll
Event: 0.795 Loaded shared library C:\Program Files\BellSoft\LibericaJDK-17\bin\jimage.dll

Deoptimization events (20 events):
Event: 2.300 Thread 0x00000260f20a0780 Uncommon trap: trap_request=0xffffffde fr.pc=0x0000026087b14dac relative=0x000000000000010c
Event: 2.300 Thread 0x00000260f20a0780 Uncommon trap: reason=class_check action=maybe_recompile pc=0x0000026087b14dac method=jdk.internal.misc.Unsafe.allocateUninitializedArray(Ljava/lang/Class;I)Ljava/lang/Object; @ 51 c2
Event: 2.300 Thread 0x00000260f20a0780 DEOPT PACKING pc=0x0000026087b14dac sp=0x00000068473f6560
Event: 2.300 Thread 0x00000260f20a0780 DEOPT UNPACKING pc=0x000002608758699d sp=0x00000068473f64e8 mode 2
Event: 2.300 Thread 0x00000260f20a0780 Uncommon trap: trap_request=0xffffffde fr.pc=0x0000026087b14dac relative=0x000000000000010c
Event: 2.300 Thread 0x00000260f20a0780 Uncommon trap: reason=class_check action=maybe_recompile pc=0x0000026087b14dac method=jdk.internal.misc.Unsafe.allocateUninitializedArray(Ljava/lang/Class;I)Ljava/lang/Object; @ 51 c2
Event: 2.300 Thread 0x00000260f20a0780 DEOPT PACKING pc=0x0000026087b14dac sp=0x00000068473f6370
Event: 2.300 Thread 0x00000260f20a0780 DEOPT UNPACKING pc=0x000002608758699d sp=0x00000068473f62f8 mode 2
Event: 2.300 Thread 0x00000260f20a0780 Uncommon trap: trap_request=0xffffffde fr.pc=0x0000026087b14dac relative=0x000000000000010c
Event: 2.300 Thread 0x00000260f20a0780 Uncommon trap: reason=class_check action=maybe_recompile pc=0x0000026087b14dac method=jdk.internal.misc.Unsafe.allocateUninitializedArray(Ljava/lang/Class;I)Ljava/lang/Object; @ 51 c2
Event: 2.300 Thread 0x00000260f20a0780 DEOPT PACKING pc=0x0000026087b14dac sp=0x00000068473f6370
Event: 2.300 Thread 0x00000260f20a0780 DEOPT UNPACKING pc=0x000002608758699d sp=0x00000068473f62f8 mode 2
Event: 2.460 Thread 0x00000260f20a0780 Uncommon trap: trap_request=0xffffff45 fr.pc=0x0000026087b17f7c relative=0x0000000000000f5c
Event: 2.460 Thread 0x00000260f20a0780 Uncommon trap: reason=unstable_if action=reinterpret pc=0x0000026087b17f7c method=java.util.concurrent.ConcurrentHashMap.putVal(Ljava/lang/Object;Ljava/lang/Object;Z)Ljava/lang/Object; @ 231 c2
Event: 2.460 Thread 0x00000260f20a0780 DEOPT PACKING pc=0x0000026087b17f7c sp=0x00000068473fda20
Event: 2.460 Thread 0x00000260f20a0780 DEOPT UNPACKING pc=0x000002608758699d sp=0x00000068473fd9b0 mode 2
Event: 2.877 Thread 0x00000260f20a0780 Uncommon trap: trap_request=0xffffff45 fr.pc=0x0000026087b03874 relative=0x00000000000001d4
Event: 2.877 Thread 0x00000260f20a0780 Uncommon trap: reason=unstable_if action=reinterpret pc=0x0000026087b03874 method=java.io.WinNTFileSystem.normalize(Ljava/lang/String;)Ljava/lang/String; @ 128 c2
Event: 2.877 Thread 0x00000260f20a0780 DEOPT PACKING pc=0x0000026087b03874 sp=0x00000068473fc6c0
Event: 2.877 Thread 0x00000260f20a0780 DEOPT UNPACKING pc=0x000002608758699d sp=0x00000068473fc648 mode 2

Classes unloaded (0 events):
No events

Classes redefined (0 events):
No events

Internal exceptions (18 events):
Event: 0.372 Thread 0x00000260ff1840f0 Exception <a 'java/lang/NoSuchMethodError'{0x000000008a89edf8}: 'java.lang.Object java.lang.invoke.DirectMethodHandle$Holder.invokeStaticInit(java.lang.Object)'> (0x000000008a89edf8) 
thrown [s\src\hotspot\share\interpreter\linkResolver.cpp, line 759]
Event: 0.395 Thread 0x00000260ff1840f0 Exception <a 'java/lang/NoSuchMethodError'{0x000000008a8acd40}: 'void java.lang.invoke.DirectMethodHandle$Holder.invokeStatic(java.lang.Object, java.lang.Object)'> (0x000000008a8acd40) 
thrown [s\src\hotspot\share\interpreter\linkResolver.cpp, line 759]
Event: 0.416 Thread 0x00000260f20a0780 Exception <a 'java/io/FileNotFoundException'{0x000000008a8f0aa0}> (0x000000008a8f0aa0) 
thrown [s\src\hotspot\share\prims\jni.cpp, line 516]
Event: 0.641 Thread 0x00000260f20a0780 Exception <a 'java/lang/NoSuchMethodError'{0x000000008a643780}: 'java.lang.Object java.lang.invoke.DirectMethodHandle$Holder.invokeInterface(java.lang.Object, java.lang.Object)'> (0x000000008a643780) 
thrown [s\src\hotspot\share\interpreter\linkResolver.cpp, line 759]
Event: 0.647 Thread 0x00000260f20a0780 Exception <a 'java/lang/IncompatibleClassChangeError'{0x000000008a646fe0}: Found class java.lang.Object, but interface was expected> (0x000000008a646fe0) 
thrown [s\src\hotspot\share\interpreter\linkResolver.cpp, line 826]
Event: 0.745 Thread 0x00000260f20a0780 Exception <a 'java/lang/NoSuchMethodError'{0x000000008a6a3df0}: 'java.lang.Object java.lang.invoke.DirectMethodHandle$Holder.newInvokeSpecial(java.lang.Object, java.lang.Object, java.lang.Object, java.lang.Object, java.lang.Object)'> (0x000000008a6a3df0) 
thrown [s\src\hotspot\share\interpreter\linkResolver.cpp, line 759]
Event: 1.245 Thread 0x00000260f20a0780 Exception <a 'java/lang/NoSuchMethodError'{0x000000008a75fcc0}: 'java.lang.Object java.lang.invoke.DirectMethodHandle$Holder.invokeStatic(java.lang.Object, java.lang.Object, int)'> (0x000000008a75fcc0) 
thrown [s\src\hotspot\share\interpreter\linkResolver.cpp, line 759]
Event: 1.258 Thread 0x00000260f20a0780 Exception <a 'java/lang/NoSuchMethodError'{0x000000008a76bc58}: 'void java.lang.invoke.DelegatingMethodHandle$Holder.delegate(java.lang.Object, java.lang.Object, int, java.lang.Object)'> (0x000000008a76bc58) 
thrown [s\src\hotspot\share\interpreter\linkResolver.cpp, line 759]
Event: 1.260 Thread 0x00000260f20a0780 Exception <a 'java/lang/NoSuchMethodError'{0x000000008a770330}: 'int java.lang.invoke.DirectMethodHandle$Holder.invokeSpecial(java.lang.Object, java.lang.Object, java.lang.Object)'> (0x000000008a770330) 
thrown [s\src\hotspot\share\interpreter\linkResolver.cpp, line 759]
Event: 2.699 Thread 0x00000260f20a0780 Exception <a 'java/lang/NoSuchMethodError'{0x000000008a74a910}: 'java.lang.Object java.lang.invoke.DirectMethodHandle$Holder.invokeStaticInit(java.lang.Object, int, int, int, int)'> (0x000000008a74a910) 
thrown [s\src\hotspot\share\interpreter\linkResolver.cpp, line 759]
Event: 2.885 Thread 0x00000260f20a0780 Exception <a 'java/lang/NoSuchMethodError'{0x000000008a7911d8}: 'java.lang.Object java.lang.invoke.DirectMethodHandle$Holder.invokeStaticInit(java.lang.Object, java.lang.Object, int, int, int, int)'> (0x000000008a7911d8) 
thrown [s\src\hotspot\share\interpreter\linkResolver.cpp, line 759]
Event: 3.156 Thread 0x00000260f20a0780 Exception <a 'java/lang/NoSuchMethodError'{0x000000008a4ce8e0}: 'java.lang.Object java.lang.invoke.Invokers$Holder.invokeExact_MT(java.lang.Object, java.lang.Object, java.lang.Object, java.lang.Object, java.lang.Object, java.lang.Object)'> (0x000000008a4ce8e0) 
thrown [s\src\hotspot\share\interpreter\linkResolver.cpp, line 759]
Event: 3.512 Thread 0x00000260f20a0780 Exception <a 'java/lang/NoSuchMethodError'{0x000000008a177aa0}: 'java.lang.Object java.lang.invoke.DirectMethodHandle$Holder.invokeVirtual(java.lang.Object, java.lang.Object, java.lang.Object, java.lang.Object)'> (0x000000008a177aa0) 
thrown [s\src\hotspot\share\interpreter\linkResolver.cpp, line 759]
Event: 3.514 Thread 0x00000260f20a0780 Exception <a 'java/lang/NoSuchMethodError'{0x000000008a180490}: 'void java.lang.invoke.DirectMethodHandle$Holder.invokeStatic(java.lang.Object, java.lang.Object, java.lang.Object, java.lang.Object)'> (0x000000008a180490) 
thrown [s\src\hotspot\share\interpreter\linkResolver.cpp, line 759]
Event: 3.564 Thread 0x00000260f20a0780 Exception <a 'java/lang/NoSuchMethodError'{0x000000008a1d5638}: 'int java.lang.invoke.DirectMethodHandle$Holder.invokeStaticInit(java.lang.Object, java.lang.Object, java.lang.Object, java.lang.Object)'> (0x000000008a1d5638) 
thrown [s\src\hotspot\share\interpreter\linkResolver.cpp, line 759]
Event: 3.566 Thread 0x00000260f20a0780 Exception <a 'java/lang/IncompatibleClassChangeError'{0x000000008a1decd0}: Found class java.lang.Object, but interface was expected> (0x000000008a1decd0) 
thrown [s\src\hotspot\share\interpreter\linkResolver.cpp, line 826]
Event: 3.566 Thread 0x00000260f20a0780 Exception <a 'java/lang/NoSuchMethodError'{0x000000008a1e1fd0}: 'void java.lang.invoke.DirectMethodHandle$Holder.invokeStaticInit(java.lang.Object, java.lang.Object)'> (0x000000008a1e1fd0) 
thrown [s\src\hotspot\share\interpreter\linkResolver.cpp, line 759]
Event: 3.570 Thread 0x00000260f20a0780 Exception <a 'java/lang/NoSuchMethodError'{0x000000008a1e81f0}: 'int java.lang.invoke.DirectMethodHandle$Holder.invokeStaticInit(java.lang.Object, java.lang.Object)'> (0x000000008a1e81f0) 
thrown [s\src\hotspot\share\interpreter\linkResolver.cpp, line 759]

VM Operations (20 events):
Event: 0.900 Executing VM operation: HandshakeAllThreads
Event: 0.900 Executing VM operation: HandshakeAllThreads done
Event: 1.020 Executing VM operation: G1CollectForAllocation
Event: 1.037 Executing VM operation: G1CollectForAllocation done
Event: 1.522 Executing VM operation: G1CollectForAllocation
Event: 1.530 Executing VM operation: G1CollectForAllocation done
Event: 2.393 Executing VM operation: HandshakeAllThreads
Event: 2.393 Executing VM operation: HandshakeAllThreads done
Event: 2.480 Executing VM operation: G1CollectForAllocation
Event: 2.486 Executing VM operation: G1CollectForAllocation done
Event: 2.578 Executing VM operation: HandshakeAllThreads
Event: 2.578 Executing VM operation: HandshakeAllThreads done
Event: 2.578 Executing VM operation: HandshakeAllThreads
Event: 2.578 Executing VM operation: HandshakeAllThreads done
Event: 2.664 Executing VM operation: HandshakeAllThreads
Event: 2.664 Executing VM operation: HandshakeAllThreads done
Event: 3.491 Executing VM operation: HandshakeAllThreads
Event: 3.491 Executing VM operation: HandshakeAllThreads done
Event: 3.491 Executing VM operation: Cleanup
Event: 3.491 Executing VM operation: Cleanup done

Events (20 events):
Event: 4.002 loading class java/net/StandardSocketOptions$StdSocketOption
Event: 4.002 loading class java/net/StandardSocketOptions$StdSocketOption done
Event: 4.002 loading class sun/nio/ch/SocketOptionRegistry
Event: 4.002 loading class sun/nio/ch/SocketOptionRegistry done
Event: 4.002 loading class sun/nio/ch/SocketOptionRegistry$RegistryKey
Event: 4.002 loading class sun/nio/ch/SocketOptionRegistry$RegistryKey done
Event: 4.002 loading class sun/nio/ch/SocketOptionRegistry$LazyInitialization
Event: 4.002 loading class sun/nio/ch/SocketOptionRegistry$LazyInitialization done
Event: 4.002 loading class sun/nio/ch/OptionKey
Event: 4.003 loading class sun/nio/ch/OptionKey done
Event: 4.003 loading class sun/nio/ch/ExtendedSocketOption
Event: 4.003 loading class sun/nio/ch/ExtendedSocketOption done
Event: 4.003 loading class sun/nio/ch/ExtendedSocketOption$1
Event: 4.003 loading class sun/nio/ch/ExtendedSocketOption$1 done
Event: 4.005 loading class java/net/Socket$SocketOutputStream
Event: 4.005 loading class java/net/Socket$SocketOutputStream done
Event: 4.005 loading class sun/nio/ch/NioSocketImpl$2
Event: 4.005 loading class sun/nio/ch/NioSocketImpl$2 done
Event: 4.020 loading class java/lang/management/ManagementFactory
Event: 4.021 loading class java/lang/management/ManagementFactory done


Dynamic libraries:
0x00007ff6ffa70000 - 0x00007ff6ffa7d000 	C:\Program Files\BellSoft\LibericaJDK-17\bin\java.exe
0x00007ffa36950000 - 0x00007ffa36b48000 	C:\WINDOWS\SYSTEM32\ntdll.dll
0x00007ffa29eb0000 - 0x00007ffa29ec9000 	C:\Program Files\Avast Software\Avast\aswhook.dll
0x00007ffa34b30000 - 0x00007ffa34bef000 	C:\WINDOWS\System32\KERNEL32.DLL
0x00007ffa342d0000 - 0x00007ffa345aa000 	C:\WINDOWS\System32\KERNELBASE.dll
0x00007ffa34060000 - 0x00007ffa34160000 	C:\WINDOWS\System32\ucrtbase.dll
0x00007ffa2ed10000 - 0x00007ffa2ed27000 	C:\Program Files\BellSoft\LibericaJDK-17\bin\jli.dll
0x00007ffa36760000 - 0x00007ffa368fd000 	C:\WINDOWS\System32\USER32.dll
0x00007ffa34160000 - 0x00007ffa34182000 	C:\WINDOWS\System32\win32u.dll
0x00007ffa355d0000 - 0x00007ffa355fb000 	C:\WINDOWS\System32\GDI32.dll
0x00007ffa341c0000 - 0x00007ffa342d0000 	C:\WINDOWS\System32\gdi32full.dll
0x00007ffa347b0000 - 0x00007ffa3484d000 	C:\WINDOWS\System32\msvcp_win.dll
0x00007ffa21c00000 - 0x00007ffa21e9a000 	C:\WINDOWS\WinSxS\amd64_microsoft.windows.common-controls_6595b64144ccf1df_6.0.19041.1110_none_60b5254171f9507e\COMCTL32.dll
0x00007ffa2e000000 - 0x00007ffa2e015000 	C:\Program Files\BellSoft\LibericaJDK-17\bin\VCRUNTIME140.dll
0x00007ffa35b90000 - 0x00007ffa35c2e000 	C:\WINDOWS\System32\msvcrt.dll
0x00007ffa355a0000 - 0x00007ffa355d0000 	C:\WINDOWS\System32\IMM32.DLL
0x00007ff9fe070000 - 0x00007ff9fe10b000 	C:\Program Files\BellSoft\LibericaJDK-17\bin\msvcp140.dll
0x00007ff9e11b0000 - 0x00007ff9e1dd0000 	C:\Program Files\BellSoft\LibericaJDK-17\bin\server\jvm.dll
0x00007ffa34c70000 - 0x00007ffa34d1e000 	C:\WINDOWS\System32\ADVAPI32.dll
0x00007ffa34a10000 - 0x00007ffa34aac000 	C:\WINDOWS\System32\sechost.dll
0x00007ffa35a60000 - 0x00007ffa35b86000 	C:\WINDOWS\System32\RPCRT4.dll
0x00007ffa1f220000 - 0x00007ffa1f229000 	C:\WINDOWS\SYSTEM32\WSOCK32.dll
0x00007ffa36560000 - 0x00007ffa365cb000 	C:\WINDOWS\System32\WS2_32.dll
0x00007ffa0fbc0000 - 0x00007ffa0fbe7000 	C:\WINDOWS\SYSTEM32\WINMM.dll
0x00007ffa2a020000 - 0x00007ffa2a02a000 	C:\WINDOWS\SYSTEM32\VERSION.dll
0x00007ffa32a00000 - 0x00007ffa32a12000 	C:\WINDOWS\SYSTEM32\kernel.appcore.dll
0x00007ffa30130000 - 0x00007ffa3013a000 	C:\Program Files\BellSoft\LibericaJDK-17\bin\jimage.dll
0x00007ffa32410000 - 0x00007ffa325f4000 	C:\WINDOWS\SYSTEM32\DBGHELP.DLL
0x00007ffa29680000 - 0x00007ffa296b4000 	C:\WINDOWS\SYSTEM32\dbgcore.DLL
0x00007ffa345b0000 - 0x00007ffa34632000 	C:\WINDOWS\System32\bcryptPrimitives.dll
0x00007ffa2dd20000 - 0x00007ffa2dd2e000 	C:\Program Files\BellSoft\LibericaJDK-17\bin\instrument.dll
0x00007ffa2c8f0000 - 0x00007ffa2c915000 	C:\Program Files\BellSoft\LibericaJDK-17\bin\java.dll
0x00007ff9f9990000 - 0x00007ff9f9a66000 	C:\Program Files\BellSoft\LibericaJDK-17\bin\jsvml.dll
0x00007ffa34d20000 - 0x00007ffa35464000 	C:\WINDOWS\System32\SHELL32.dll
0x00007ffa31310000 - 0x00007ffa31aa3000 	C:\WINDOWS\SYSTEM32\windows.storage.dll
0x00007ffa36160000 - 0x00007ffa364b4000 	C:\WINDOWS\System32\combase.dll
0x00007ffa33a50000 - 0x00007ffa33a7e000 	C:\WINDOWS\SYSTEM32\Wldp.dll
0x00007ffa35c40000 - 0x00007ffa35ced000 	C:\WINDOWS\System32\SHCORE.dll
0x00007ffa365d0000 - 0x00007ffa36625000 	C:\WINDOWS\System32\shlwapi.dll
0x00007ffa33fa0000 - 0x00007ffa33fbf000 	C:\WINDOWS\SYSTEM32\profapi.dll
0x00007ffa2dce0000 - 0x00007ffa2dcf8000 	C:\Program Files\BellSoft\LibericaJDK-17\bin\zip.dll
0x00007ffa2db50000 - 0x00007ffa2db69000 	C:\Program Files\BellSoft\LibericaJDK-17\bin\net.dll
0x00007ffa222e0000 - 0x00007ffa223ea000 	C:\WINDOWS\SYSTEM32\WINHTTP.dll
0x00007ffa33740000 - 0x00007ffa337aa000 	C:\WINDOWS\system32\mswsock.dll
0x00007ffa2d4c0000 - 0x00007ffa2d4d5000 	C:\Program Files\BellSoft\LibericaJDK-17\bin\nio.dll
0x00007ffa21510000 - 0x00007ffa2152a000 	C:\Program Files\JetBrains\IntelliJ IDEA 2022.3.3\bin\breakgen64.dll
0x00007ffa2dc80000 - 0x00007ffa2dc90000 	C:\Program Files\BellSoft\LibericaJDK-17\bin\verify.dll
0x00007ffa33930000 - 0x00007ffa33948000 	C:\WINDOWS\SYSTEM32\CRYPTSP.dll
0x00007ffa33060000 - 0x00007ffa33094000 	C:\WINDOWS\system32\rsaenh.dll
0x00007ffa34190000 - 0x00007ffa341b7000 	C:\WINDOWS\System32\bcrypt.dll
0x00007ffa33f20000 - 0x00007ffa33f4e000 	C:\WINDOWS\SYSTEM32\USERENV.dll
0x00007ffa33950000 - 0x00007ffa3395c000 	C:\WINDOWS\SYSTEM32\CRYPTBASE.dll
0x00007ffa33430000 - 0x00007ffa3346c000 	C:\WINDOWS\SYSTEM32\IPHLPAPI.DLL
0x00007ffa36900000 - 0x00007ffa36908000 	C:\WINDOWS\System32\NSI.dll
0x00007ffa22fc0000 - 0x00007ffa22fd7000 	C:\WINDOWS\SYSTEM32\dhcpcsvc6.DLL
0x00007ffa28660000 - 0x00007ffa2867d000 	C:\WINDOWS\SYSTEM32\dhcpcsvc.DLL
0x00007ffa33470000 - 0x00007ffa3353b000 	C:\WINDOWS\SYSTEM32\DNSAPI.dll
0x00007ffa1fff0000 - 0x00007ffa1fffa000 	C:\Windows\System32\rasadhlp.dll
0x00007ffa20080000 - 0x00007ffa20100000 	C:\WINDOWS\System32\fwpuclnt.dll
0x00007ffa2d960000 - 0x00007ffa2d969000 	C:\Program Files\BellSoft\LibericaJDK-17\bin\management.dll
0x00007ffa2d8a0000 - 0x00007ffa2d8ab000 	C:\Program Files\BellSoft\LibericaJDK-17\bin\management_ext.dll
0x00007ffa36550000 - 0x00007ffa36558000 	C:\WINDOWS\System32\PSAPI.DLL

dbghelp: loaded successfully - version: 4.0.5 - missing functions: none
symbol engine: initialized successfully - sym options: 0x614 - pdb path: .;C:\Program Files\BellSoft\LibericaJDK-17\bin;C:\WINDOWS\SYSTEM32;C:\Program Files\Avast Software\Avast;C:\WINDOWS\WinSxS\amd64_microsoft.windows.common-controls_6595b64144ccf1df_6.0.19041.1110_none_60b5254171f9507e;C:\Program Files\BellSoft\LibericaJDK-17\bin\server;C:\Program Files\JetBrains\IntelliJ IDEA 2022.3.3\bin

VM Arguments:
jvm_args: -ea -Didea.test.cyclic.buffer.size=1048576 -javaagent:C:\Program Files\JetBrains\IntelliJ IDEA 2022.3.3\lib\idea_rt.jar=61162:C:\Program Files\JetBrains\IntelliJ IDEA 2022.3.3\bin -Dfile.encoding=UTF-8 
java_command: com.intellij.rt.junit.JUnitStarter -ideVersion5 -junit4 UserServiceTest
java_class_path (initial): C:\Program Files\JetBrains\IntelliJ IDEA 2022.3.3\lib\idea_rt.jar;C:\Program Files\JetBrains\IntelliJ IDEA 2022.3.3\plugins\junit\lib\junit5-rt.jar;C:\Program Files\JetBrains\IntelliJ IDEA 2022.3.3\plugins\junit\lib\junit-rt.jar;C:\Users\Admin\IdeaProjects\Task-1\target\test-classes;C:\Users\Admin\IdeaProjects\Task-1\target\classes;C:\Users\Admin\.m2\repository\junit\junit\4.13.2\junit-4.13.2.jar;C:\Users\Admin\.m2\repository\org\hamcrest\hamcrest-core\1.3\hamcrest-core-1.3.jar;C:\Users\Admin\.m2\repository\org\postgresql\postgresql\42.6.0\postgresql-42.6.0.jar;C:\Users\Admin\.m2\repository\org\checkerframework\checker-qual\3.31.0\checker-qual-3.31.0.jar;C:\Users\Admin\.m2\repository\org\hibernate\javax\persistence\hibernate-jpa-2.1-api\1.0.2.Final\hibernate-jpa-2.1-api-1.0.2.Final.jar;C:\Users\Admin\.m2\repository\org\hibernate\hibernate-core\5.6.3.Final\hibernate-core-5.6.3.Final.jar;C:\Users\Admin\.m2\repository\org\jboss\logging\jboss-logging\3.4.2.Final\jboss-logging-3.4.2.Final.jar;C:\Users\Admin\.m2\repository\javax\persistence\javax.persistence-api\2.2\javax.persistence-api-2.2.jar;C:\Users\Admin\.m2\repository\net\bytebuddy\byte-buddy\1.11.20\byte-buddy-1.11.20.jar;C:\Users\Admin\.m2\repository\antlr\antlr\2.7.7\antlr-2.7.7.jar;C:\Users\Admin\.m2\repository\org\jboss\spec\javax\transaction\jboss-transaction-api_1.2_spec\1.1.1.Final\jboss-transaction-api_1.2_spec-1.1.1.Final.jar;C:\Users\Admin\.m2\repository\org\jboss\jandex\2.2.3.Final\jandex-2.2.3.Final.jar;C:\Users\Admin\.m2\repository\com\fasterxml\classmate\1.5.1\classmate-1.5.1.jar;C:\Users\Admin\.m2\repository\javax\activation\javax.activation-api\1.2.0\javax.activation-api-1.2.0.jar;C:\Users\Admin\.m2\repository\org\hibernate\common\hibernate-commons-annotations\5.1.2.Final\hibernate-commons-annotations-5.1.2.Final.jar;C:\Users\Admin\.m2\repository\javax\xml\bind\jaxb-api\2.3.1\jaxb-api-2.3.1.jar;C:\Users\Admin\.m2\repository\org\glassfish\jaxb\jaxb-runtime\2.3.1\jaxb-run
Launcher Type: SUN_STANDARD

[Global flags]
     intx CICompilerCount                          = 2                                         {product} {ergonomic}
     uint ConcGCThreads                            = 1                                         {product} {ergonomic}
     uint G1ConcRefinementThreads                  = 2                                         {product} {ergonomic}
   size_t G1HeapRegionSize                         = 1048576                                   {product} {ergonomic}
    uintx GCDrainStackTargetSize                   = 64                                        {product} {ergonomic}
   size_t InitialHeapSize                          = 132120576                                 {product} {ergonomic}
   size_t MarkStackSize                            = 4194304                                   {product} {ergonomic}
   size_t MaxHeapSize                              = 2101346304                                {product} {ergonomic}
   size_t MaxNewSize                               = 1260388352                                {product} {ergonomic}
   size_t MinHeapDeltaBytes                        = 1048576                                   {product} {ergonomic}
   size_t MinHeapSize                              = 8388608                                   {product} {ergonomic}
    uintx NonNMethodCodeHeapSize                   = 5826188                                {pd product} {ergonomic}
    uintx NonProfiledCodeHeapSize                  = 122916026                              {pd product} {ergonomic}
    uintx ProfiledCodeHeapSize                     = 122916026                              {pd product} {ergonomic}
    uintx ReservedCodeCacheSize                    = 251658240                              {pd product} {ergonomic}
     bool SegmentedCodeCache                       = true                                      {product} {ergonomic}
   size_t SoftMaxHeapSize                          = 2101346304                             {manageable} {ergonomic}
     bool UseCompressedClassPointers               = true                           {product lp64_product} {ergonomic}
     bool UseCompressedOops                        = true                           {product lp64_product} {ergonomic}
     bool UseG1GC                                  = true                                      {product} {ergonomic}
     bool UseLargePagesIndividualAllocation        = false                                  {pd product} {ergonomic}

Logging:
Log output configuration:
 #0: stdout all=warning uptime,level,tags
 #1: stderr all=off uptime,level,tags

Environment Variables:
JAVA_HOME=C:\Program Files\Java\jdk1.8.0_261\bin
PATH=C:\Program Files\BellSoft\LibericaJDK-17\bin\;C:\Program Files (x86)\Common Files\Oracle\Java\javapath;C:\WINDOWS\system32;C:\WINDOWS;C:\WINDOWS\System32\Wbem;C:\WINDOWS\System32\WindowsPowerShell\v1.0\;C:\WINDOWS\System32\OpenSSH\;C:\Program Files\Intel\TXE Components\DAL\;C:\Program Files (x86)\Intel\TXE Components\DAL\;C:\Recovery\OEM\Backup\;C:\Program Files\Git\cmd;C:\Program Files\Git\mingw64\bin;C:\Program Files\Git\usr\bin;C:\Program Files\Microsoft SQL Server\Client SDK\ODBC\170\Tools\Binn\;C:\Program Files (x86)\Microsoft SQL Server\150\Tools\Binn\;C:\Program Files\Microsoft SQL Server\150\Tools\Binn\;C:\Program Files\Microsoft SQL Server\150\DTS\Binn\;C:\Program Files (x86)\Microsoft SQL Server\150\DTS\Binn\;C:\WINDOWS\system32;C:\WINDOWS;C:\WINDOWS\System32\Wbem;C:\WINDOWS\System32\WindowsPowerShell\v1.0\;C:\WINDOWS\System32\OpenSSH\;C:\Users\Admin\AppData\Local\Programs\Python\Python39\Scripts\;C:\Users\Admin\AppData\Local\Programs\Python\Python39\;"C:\Users\Admin\AppData\Local\Microsoft\WindowsApps;C:\Program Files\Java\jdk1.8.0_261\bin";;C:\Users\Admin\AppData\Local\Programs\Microsoft VS Code\bin;C:\Users\Admin\AppData\Local\Microsoft\WindowsApps
USERNAME=Admin
OS=Windows_NT
PROCESSOR_IDENTIFIER=Intel64 Family 6 Model 122 Stepping 1, GenuineIntel
TMP=C:\Users\Admin\AppData\Local\Temp
TEMP=C:\Users\Admin\AppData\Local\Temp



---------------  S Y S T E M  ---------------

OS:
 Windows 10 , 64 bit Build 19041 (10.0.19041.2788)
OS uptime: 26 days 12:15 hours

CPU: total 2 (initial active 2) (2 cores per cpu, 1 threads per core) family 6 model 122 stepping 1 microcode 0x2e, cx8, cmov, fxsr, mmx, 3dnowpref, sse, sse2, sse3, ssse3, sse4.1, sse4.2, popcnt, tsc, tscinvbit, aes, erms, clmul, sha, clflush, clflushopt

Memory: 4k page, system-wide physical 8012M (834M free)
TotalPageFile size 32588M (AvailPageFile size 4M)
current process WorkingSet (physical memory assigned to process): 80M, peak: 82M
current process commit charge ("private bytes"): 226M, peak: 228M

vm_info: OpenJDK 64-Bit Server VM (17.0.6+10-LTS) for windows-amd64 JRE (17.0.6+10-LTS), built on Jan 12 2023 13:19:07 by "" with MS VC++ 15.9 (VS2017)

END.
